{"/home/travis/build/npmtest/node-npmtest-captains-log/test.js":{"path":"/home/travis/build/npmtest/node-npmtest-captains-log/test.js","s":{"1":2,"2":2,"3":2,"4":2,"5":2,"6":2,"7":2,"8":1,"9":2,"10":2,"11":1,"12":1,"13":1,"14":1,"15":2,"16":2,"17":2,"18":2,"19":1,"20":1,"21":2,"22":2,"23":2,"24":1,"25":1,"26":1,"27":1,"28":1,"29":1,"30":1,"31":1,"32":1,"33":1,"34":1,"35":1,"36":1,"37":1,"38":1,"39":2,"40":2,"41":1,"42":2,"43":2,"44":1,"45":2,"46":2,"47":1,"48":2,"49":2,"50":1,"51":1,"52":1,"53":1,"54":1},"b":{"1":[2,1,1,1],"2":[1,1,1,1],"3":[1,1],"4":[1,1],"5":[1,1],"6":[1,1],"7":[1,1],"8":[1,1],"9":[1,1],"10":[1,1,1],"11":[1,1],"12":[1,1],"13":[1,1],"14":[1,1],"15":[1,1],"16":[1,1],"17":[1,1]},"f":{"1":2,"2":2,"3":2,"4":2,"5":2,"6":1,"7":1,"8":1,"9":2,"10":2,"11":2,"12":2,"13":1},"fnMap":{"1":{"name":"(anonymous_1)","line":12,"loc":{"start":{"line":12,"column":1},"end":{"line":12,"column":13}}},"2":{"name":"(anonymous_2)","line":19,"loc":{"start":{"line":19,"column":5},"end":{"line":19,"column":17}}},"3":{"name":"(anonymous_3)","line":23,"loc":{"start":{"line":23,"column":24},"end":{"line":23,"column":36}}},"4":{"name":"(anonymous_4)","line":61,"loc":{"start":{"line":61,"column":5},"end":{"line":61,"column":17}}},"5":{"name":"(anonymous_5)","line":82,"loc":{"start":{"line":82,"column":5},"end":{"line":82,"column":17}}},"6":{"name":"(anonymous_6)","line":91,"loc":{"start":{"line":91,"column":77},"end":{"line":94,"column":10}}},"7":{"name":"(anonymous_7)","line":112,"loc":{"start":{"line":112,"column":83},"end":{"line":115,"column":10}},"skip":true},"8":{"name":"(anonymous_8)","line":123,"loc":{"start":{"line":123,"column":77},"end":{"line":126,"column":10}},"skip":true},"9":{"name":"(anonymous_9)","line":139,"loc":{"start":{"line":139,"column":12},"end":{"line":139,"column":40}},"skip":true},"10":{"name":"(anonymous_10)","line":147,"loc":{"start":{"line":147,"column":77},"end":{"line":150,"column":10}},"skip":true},"11":{"name":"(anonymous_11)","line":158,"loc":{"start":{"line":158,"column":83},"end":{"line":161,"column":10}},"skip":true},"12":{"name":"(anonymous_12)","line":169,"loc":{"start":{"line":169,"column":79},"end":{"line":172,"column":10}},"skip":true},"13":{"name":"(anonymous_13)","line":180,"loc":{"start":{"line":180,"column":75},"end":{"line":183,"column":10}},"skip":true}},"statementMap":{"1":{"start":{"line":12,"column":0},"end":{"line":195,"column":5}},"2":{"start":{"line":14,"column":4},"end":{"line":14,"column":14}},"3":{"start":{"line":19,"column":4},"end":{"line":56,"column":9}},"4":{"start":{"line":21,"column":8},"end":{"line":21,"column":19}},"5":{"start":{"line":23,"column":8},"end":{"line":35,"column":13}},"6":{"start":{"line":24,"column":12},"end":{"line":34,"column":13}},"7":{"start":{"line":25,"column":16},"end":{"line":28,"column":30}},"8":{"start":{"line":30,"column":16},"end":{"line":33,"column":27}},"9":{"start":{"line":37,"column":8},"end":{"line":39,"column":21}},"10":{"start":{"line":40,"column":8},"end":{"line":53,"column":9}},"11":{"start":{"line":43,"column":12},"end":{"line":46,"column":14}},"12":{"start":{"line":47,"column":12},"end":{"line":47,"column":18}},"13":{"start":{"line":50,"column":12},"end":{"line":51,"column":46}},"14":{"start":{"line":52,"column":12},"end":{"line":52,"column":18}},"15":{"start":{"line":55,"column":8},"end":{"line":55,"column":35}},"16":{"start":{"line":61,"column":4},"end":{"line":63,"column":9}},"17":{"start":{"line":62,"column":8},"end":{"line":62,"column":15}},"18":{"start":{"line":64,"column":4},"end":{"line":77,"column":5}},"19":{"start":{"line":70,"column":8},"end":{"line":70,"column":14}},"20":{"start":{"line":76,"column":8},"end":{"line":76,"column":14}},"21":{"start":{"line":82,"column":4},"end":{"line":84,"column":9}},"22":{"start":{"line":83,"column":8},"end":{"line":83,"column":15}},"23":{"start":{"line":85,"column":4},"end":{"line":194,"column":5}},"24":{"start":{"line":91,"column":8},"end":{"line":99,"column":10}},"25":{"start":{"line":98,"column":12},"end":{"line":98,"column":35}},"26":{"start":{"line":102,"column":8},"end":{"line":104,"column":63}},"27":{"start":{"line":105,"column":8},"end":{"line":105,"column":14}},"28":{"start":{"line":112,"column":8},"end":{"line":121,"column":10},"skip":true},"29":{"start":{"line":119,"column":12},"end":{"line":119,"column":55},"skip":true},"30":{"start":{"line":120,"column":12},"end":{"line":120,"column":48},"skip":true},"31":{"start":{"line":123,"column":8},"end":{"line":136,"column":10},"skip":true},"32":{"start":{"line":130,"column":12},"end":{"line":130,"column":76},"skip":true},"33":{"start":{"line":131,"column":12},"end":{"line":131,"column":73},"skip":true},"34":{"start":{"line":132,"column":12},"end":{"line":132,"column":74},"skip":true},"35":{"start":{"line":133,"column":12},"end":{"line":133,"column":79},"skip":true},"36":{"start":{"line":134,"column":12},"end":{"line":134,"column":25},"skip":true},"37":{"start":{"line":135,"column":12},"end":{"line":135,"column":45},"skip":true},"38":{"start":{"line":138,"column":8},"end":{"line":145,"column":14},"skip":true},"39":{"start":{"line":143,"column":16},"end":{"line":143,"column":29},"skip":true},"40":{"start":{"line":144,"column":16},"end":{"line":144,"column":55},"skip":true},"41":{"start":{"line":147,"column":8},"end":{"line":156,"column":10},"skip":true},"42":{"start":{"line":154,"column":12},"end":{"line":154,"column":25},"skip":true},"43":{"start":{"line":155,"column":12},"end":{"line":155,"column":45},"skip":true},"44":{"start":{"line":158,"column":8},"end":{"line":167,"column":10},"skip":true},"45":{"start":{"line":165,"column":12},"end":{"line":165,"column":25},"skip":true},"46":{"start":{"line":166,"column":12},"end":{"line":166,"column":48},"skip":true},"47":{"start":{"line":169,"column":8},"end":{"line":178,"column":10},"skip":true},"48":{"start":{"line":176,"column":12},"end":{"line":176,"column":25},"skip":true},"49":{"start":{"line":177,"column":12},"end":{"line":177,"column":46},"skip":true},"50":{"start":{"line":180,"column":8},"end":{"line":189,"column":10},"skip":true},"51":{"start":{"line":187,"column":12},"end":{"line":187,"column":94},"skip":true},"52":{"start":{"line":188,"column":12},"end":{"line":188,"column":48},"skip":true},"53":{"start":{"line":192,"column":8},"end":{"line":192,"column":35},"skip":true},"54":{"start":{"line":193,"column":8},"end":{"line":193,"column":14},"skip":true}},"branchMap":{"1":{"line":25,"type":"binary-expr","locations":[{"start":{"line":25,"column":23},"end":{"line":25,"column":62}},{"start":{"line":26,"column":20},"end":{"line":26,"column":70}},{"start":{"line":27,"column":20},"end":{"line":27,"column":71}},{"start":{"line":28,"column":20},"end":{"line":28,"column":29}}]},"2":{"line":30,"type":"binary-expr","locations":[{"start":{"line":30,"column":23},"end":{"line":30,"column":37}},{"start":{"line":31,"column":20},"end":{"line":31,"column":61}},{"start":{"line":32,"column":20},"end":{"line":32,"column":70}},{"start":{"line":33,"column":20},"end":{"line":33,"column":26}}]},"3":{"line":37,"type":"cond-expr","locations":[{"start":{"line":38,"column":14},"end":{"line":38,"column":20}},{"start":{"line":39,"column":14},"end":{"line":39,"column":20}}]},"4":{"line":40,"type":"switch","locations":[{"start":{"line":42,"column":8},"end":{"line":47,"column":18}},{"start":{"line":49,"column":8},"end":{"line":52,"column":18}}]},"5":{"line":44,"type":"binary-expr","locations":[{"start":{"line":44,"column":16},"end":{"line":44,"column":44}},{"start":{"line":44,"column":48},"end":{"line":44,"column":66}}]},"6":{"line":50,"type":"binary-expr","locations":[{"start":{"line":50,"column":21},"end":{"line":50,"column":49}},{"start":{"line":50,"column":53},"end":{"line":50,"column":72}}]},"7":{"line":64,"type":"switch","locations":[{"start":{"line":69,"column":4},"end":{"line":70,"column":14}},{"start":{"line":75,"column":4},"end":{"line":76,"column":14}}]},"8":{"line":85,"type":"switch","locations":[{"start":{"line":90,"column":4},"end":{"line":105,"column":14}},{"start":{"line":111,"column":4},"end":{"line":193,"column":14},"skip":true}]},"9":{"line":91,"type":"binary-expr","locations":[{"start":{"line":91,"column":42},"end":{"line":91,"column":73}},{"start":{"line":91,"column":77},"end":{"line":99,"column":9}}]},"10":{"line":102,"type":"binary-expr","locations":[{"start":{"line":102,"column":18},"end":{"line":102,"column":32}},{"start":{"line":103,"column":12},"end":{"line":103,"column":53}},{"start":{"line":104,"column":12},"end":{"line":104,"column":61}}]},"11":{"line":112,"type":"binary-expr","locations":[{"start":{"line":112,"column":45},"end":{"line":112,"column":79},"skip":true},{"start":{"line":112,"column":83},"end":{"line":121,"column":9},"skip":true}]},"12":{"line":123,"type":"binary-expr","locations":[{"start":{"line":123,"column":42},"end":{"line":123,"column":73},"skip":true},{"start":{"line":123,"column":77},"end":{"line":136,"column":9},"skip":true}]},"13":{"line":138,"type":"binary-expr","locations":[{"start":{"line":138,"column":48},"end":{"line":138,"column":85},"skip":true},{"start":{"line":139,"column":12},"end":{"line":145,"column":13},"skip":true}]},"14":{"line":147,"type":"binary-expr","locations":[{"start":{"line":147,"column":42},"end":{"line":147,"column":73},"skip":true},{"start":{"line":147,"column":77},"end":{"line":156,"column":9},"skip":true}]},"15":{"line":158,"type":"binary-expr","locations":[{"start":{"line":158,"column":45},"end":{"line":158,"column":79},"skip":true},{"start":{"line":158,"column":83},"end":{"line":167,"column":9},"skip":true}]},"16":{"line":169,"type":"binary-expr","locations":[{"start":{"line":169,"column":43},"end":{"line":169,"column":75},"skip":true},{"start":{"line":169,"column":79},"end":{"line":178,"column":9},"skip":true}]},"17":{"line":180,"type":"binary-expr","locations":[{"start":{"line":180,"column":41},"end":{"line":180,"column":71},"skip":true},{"start":{"line":180,"column":75},"end":{"line":189,"column":9},"skip":true}]}},"code":["/* istanbul instrument in package npmtest_captains_log */","/*jslint","    bitwise: true,","    browser: true,","    maxerr: 8,","    maxlen: 96,","    node: true,","    nomen: true,","    regexp: true,","    stupid: true","*/","(function () {","    'use strict';","    var local;","","","","    // run shared js-env code - pre-init","    (function () {","        // init local","        local = {};","        // init modeJs","        local.modeJs = (function () {","            try {","                return typeof navigator.userAgent === 'string' &&","                    typeof document.querySelector('body') === 'object' &&","                    typeof XMLHttpRequest.prototype.open === 'function' &&","                    'browser';","            } catch (errorCaughtBrowser) {","                return module.exports &&","                    typeof process.versions.node === 'string' &&","                    typeof require('http').createServer === 'function' &&","                    'node';","            }","        }());","        // init global","        local.global = local.modeJs === 'browser'","            ? window","            : global;","        switch (local.modeJs) {","        // re-init local from window.local","        case 'browser':","            local = local.global.utility2.objectSetDefault(","                local.global.utility2_rollup || local.global.local,","                local.global.utility2","            );","            break;","        // re-init local from example.js","        case 'node':","            local = (local.global.utility2_rollup || require('utility2'))","                .requireExampleJsFromReadme();","            break;","        }","        // export local","        local.global.local = local;","    }());","","","","    // run shared js-env code - function","    (function () {","        return;","    }());","    switch (local.modeJs) {","","","","    // run browser js-env code - function","    case 'browser':","        break;","","","","    // run node js-env code - function","    case 'node':","        break;","    }","","","","    // run shared js-env code - post-init","    (function () {","        return;","    }());","    switch (local.modeJs) {","","","","    // run browser js-env code - post-init","    case 'browser':","        local.testCase_browser_nullCase = local.testCase_browser_nullCase || function (","            options,","            onError","        ) {","        /*","         * this function will test browsers's null-case handling-behavior-behavior","         */","            onError(null, options);","        };","","        // run tests","        local.nop(local.modeTest &&","            document.querySelector('#testRunButton1') &&","            document.querySelector('#testRunButton1').click());","        break;","","","","    // run node js-env code - post-init","    /* istanbul ignore next */","    case 'node':","        local.testCase_buildApidoc_default = local.testCase_buildApidoc_default || function (","            options,","            onError","        ) {","        /*","         * this function will test buildApidoc's default handling-behavior-behavior","         */","            options = { modulePathList: module.paths };","            local.buildApidoc(options, onError);","        };","","        local.testCase_buildApp_default = local.testCase_buildApp_default || function (","            options,","            onError","        ) {","        /*","         * this function will test buildApp's default handling-behavior-behavior","         */","            local.testCase_buildReadme_default(options, local.onErrorThrow);","            local.testCase_buildLib_default(options, local.onErrorThrow);","            local.testCase_buildTest_default(options, local.onErrorThrow);","            local.testCase_buildCustomOrg_default(options, local.onErrorThrow);","            options = [];","            local.buildApp(options, onError);","        };","","        local.testCase_buildCustomOrg_default = local.testCase_buildCustomOrg_default ||","            function (options, onError) {","            /*","             * this function will test buildCustomOrg's default handling-behavior","             */","                options = {};","                local.buildCustomOrg(options, onError);","            };","","        local.testCase_buildLib_default = local.testCase_buildLib_default || function (","            options,","            onError","        ) {","        /*","         * this function will test buildLib's default handling-behavior","         */","            options = {};","            local.buildLib(options, onError);","        };","","        local.testCase_buildReadme_default = local.testCase_buildReadme_default || function (","            options,","            onError","        ) {","        /*","         * this function will test buildReadme's default handling-behavior-behavior","         */","            options = {};","            local.buildReadme(options, onError);","        };","","        local.testCase_buildTest_default = local.testCase_buildTest_default || function (","            options,","            onError","        ) {","        /*","         * this function will test buildTest's default handling-behavior","         */","            options = {};","            local.buildTest(options, onError);","        };","","        local.testCase_webpage_default = local.testCase_webpage_default || function (","            options,","            onError","        ) {","        /*","         * this function will test webpage's default handling-behavior","         */","            options = { modeCoverageMerge: true, url: local.serverLocalHost + '?modeTest=1' };","            local.browserTest(options, onError);","        };","","        // run test-server","        local.testRunServer(local);","        break;","    }","}());",""],"l":{"12":2,"14":2,"19":2,"21":2,"23":2,"24":2,"25":2,"30":1,"37":2,"40":2,"43":1,"47":1,"50":1,"52":1,"55":2,"61":2,"62":2,"64":2,"70":1,"76":1,"82":2,"83":2,"85":2,"91":1,"98":1,"102":1,"105":1,"112":1,"119":1,"120":1,"123":1,"130":1,"131":1,"132":1,"133":1,"134":1,"135":1,"138":1,"143":2,"144":2,"147":1,"154":2,"155":2,"158":1,"165":2,"166":2,"169":1,"176":2,"177":2,"180":1,"187":1,"188":1,"192":1,"193":1}},"/home/travis/build/npmtest/node-npmtest-captains-log/lib.npmtest_captains_log.js":{"path":"/home/travis/build/npmtest/node-npmtest-captains-log/lib.npmtest_captains_log.js","s":{"1":2,"2":2,"3":2,"4":2,"5":2,"6":2,"7":2,"8":1,"9":2,"10":2,"11":2,"12":2,"13":1,"14":1,"15":1,"16":1},"b":{"1":[2,1,1,1],"2":[1,1,1,1],"3":[1,1],"4":[2,2],"5":[1,1]},"f":{"1":2,"2":2,"3":2},"fnMap":{"1":{"name":"(anonymous_1)","line":12,"loc":{"start":{"line":12,"column":1},"end":{"line":12,"column":13}}},"2":{"name":"(anonymous_2)","line":19,"loc":{"start":{"line":19,"column":5},"end":{"line":19,"column":17}}},"3":{"name":"(anonymous_3)","line":23,"loc":{"start":{"line":23,"column":24},"end":{"line":23,"column":36}}}},"statementMap":{"1":{"start":{"line":12,"column":0},"end":{"line":53,"column":5}},"2":{"start":{"line":14,"column":4},"end":{"line":14,"column":14}},"3":{"start":{"line":19,"column":4},"end":{"line":52,"column":9}},"4":{"start":{"line":21,"column":8},"end":{"line":21,"column":19}},"5":{"start":{"line":23,"column":8},"end":{"line":35,"column":13}},"6":{"start":{"line":24,"column":12},"end":{"line":34,"column":13}},"7":{"start":{"line":25,"column":16},"end":{"line":28,"column":30}},"8":{"start":{"line":30,"column":16},"end":{"line":33,"column":27}},"9":{"start":{"line":37,"column":8},"end":{"line":39,"column":21}},"10":{"start":{"line":41,"column":8},"end":{"line":41,"column":54}},"11":{"start":{"line":43,"column":8},"end":{"line":43,"column":57}},"12":{"start":{"line":45,"column":8},"end":{"line":51,"column":9}},"13":{"start":{"line":46,"column":12},"end":{"line":46,"column":63}},"14":{"start":{"line":48,"column":12},"end":{"line":48,"column":35}},"15":{"start":{"line":49,"column":12},"end":{"line":49,"column":49}},"16":{"start":{"line":50,"column":12},"end":{"line":50,"column":43}}},"branchMap":{"1":{"line":25,"type":"binary-expr","locations":[{"start":{"line":25,"column":23},"end":{"line":25,"column":62}},{"start":{"line":26,"column":20},"end":{"line":26,"column":70}},{"start":{"line":27,"column":20},"end":{"line":27,"column":71}},{"start":{"line":28,"column":20},"end":{"line":28,"column":29}}]},"2":{"line":30,"type":"binary-expr","locations":[{"start":{"line":30,"column":23},"end":{"line":30,"column":37}},{"start":{"line":31,"column":20},"end":{"line":31,"column":61}},{"start":{"line":32,"column":20},"end":{"line":32,"column":70}},{"start":{"line":33,"column":20},"end":{"line":33,"column":26}}]},"3":{"line":37,"type":"cond-expr","locations":[{"start":{"line":38,"column":14},"end":{"line":38,"column":20}},{"start":{"line":39,"column":14},"end":{"line":39,"column":20}}]},"4":{"line":41,"type":"binary-expr","locations":[{"start":{"line":41,"column":16},"end":{"line":41,"column":44}},{"start":{"line":41,"column":48},"end":{"line":41,"column":53}}]},"5":{"line":45,"type":"if","locations":[{"start":{"line":45,"column":8},"end":{"line":45,"column":8}},{"start":{"line":45,"column":8},"end":{"line":45,"column":8}}]}},"code":["/* istanbul instrument in package npmtest_captains_log */","/*jslint","    bitwise: true,","    browser: true,","    maxerr: 8,","    maxlen: 96,","    node: true,","    nomen: true,","    regexp: true,","    stupid: true","*/","(function () {","    'use strict';","    var local;","","","","    // run shared js-env code - pre-init","    (function () {","        // init local","        local = {};","        // init modeJs","        local.modeJs = (function () {","            try {","                return typeof navigator.userAgent === 'string' &&","                    typeof document.querySelector('body') === 'object' &&","                    typeof XMLHttpRequest.prototype.open === 'function' &&","                    'browser';","            } catch (errorCaughtBrowser) {","                return module.exports &&","                    typeof process.versions.node === 'string' &&","                    typeof require('http').createServer === 'function' &&","                    'node';","            }","        }());","        // init global","        local.global = local.modeJs === 'browser'","            ? window","            : global;","        // init utility2_rollup","        local = local.global.utility2_rollup || local;","        // init lib","        local.local = local.npmtest_captains_log = local;","        // init exports","        if (local.modeJs === 'browser') {","            local.global.utility2_npmtest_captains_log = local;","        } else {","            module.exports = local;","            module.exports.__dirname = __dirname;","            module.exports.module = module;","        }","    }());","}());",""],"l":{"12":2,"14":2,"19":2,"21":2,"23":2,"24":2,"25":2,"30":1,"37":2,"41":2,"43":2,"45":2,"46":1,"48":1,"49":1,"50":1}},"/home/travis/build/npmtest/node-npmtest-captains-log/example.js":{"path":"/home/travis/build/npmtest/node-npmtest-captains-log/example.js","s":{"1":2,"2":2,"3":2,"4":2,"5":2,"6":2,"7":2,"8":1,"9":2,"10":2,"11":2,"12":2,"13":1,"14":2,"15":2,"16":2,"17":2,"18":2,"19":0,"20":2,"21":1,"22":1,"23":1,"24":1,"25":1,"26":0,"27":0,"28":1,"29":1,"30":2,"31":0,"32":0,"33":0,"34":1,"35":2,"36":2,"37":3,"38":3,"39":3,"40":3,"41":0,"42":3,"43":3,"44":3,"45":1,"46":3,"47":1,"48":1,"49":1,"50":1,"51":1,"52":1,"53":1,"54":1,"55":1,"56":1,"57":0,"58":1,"59":6,"60":6,"61":1,"62":2,"63":0,"64":2,"65":1,"66":1,"67":0,"68":0,"69":0,"70":0,"71":0,"72":0,"73":0,"74":0,"75":0,"76":0,"77":0,"78":0,"79":0,"80":0,"81":0,"82":0,"83":0},"b":{"1":[2,1,1,1],"2":[1,1,1,1],"3":[1,1],"4":[2,2],"5":[1,1],"6":[1,1],"7":[2,0],"8":[2,1,1,1,1,1],"9":[0,2,0],"10":[1,1],"11":[2,1,1],"12":[1,0],"13":[0,2],"14":[2,0,0,0,0,0,0],"15":[0,3],"16":[3,0],"17":[1,1],"18":[0,1],"19":[1,2,0,2],"20":[1,0],"21":[1,1],"22":[0,0],"23":[0,0],"24":[0,0],"25":[0,0],"26":[0,0],"27":[0,0],"28":[0,0]},"f":{"1":2,"2":2,"3":2,"4":2,"5":2,"6":2,"7":3,"8":3,"9":3,"10":1,"11":6,"12":0},"fnMap":{"1":{"name":"(anonymous_1)","line":26,"loc":{"start":{"line":26,"column":1},"end":{"line":26,"column":13}}},"2":{"name":"(anonymous_2)","line":33,"loc":{"start":{"line":33,"column":5},"end":{"line":33,"column":17}}},"3":{"name":"(anonymous_3)","line":37,"loc":{"start":{"line":37,"column":24},"end":{"line":37,"column":36}}},"4":{"name":"(anonymous_4)","line":69,"loc":{"start":{"line":69,"column":31},"end":{"line":69,"column":48}},"skip":true},"5":{"name":"(anonymous_5)","line":78,"loc":{"start":{"line":78,"column":26},"end":{"line":78,"column":45}},"skip":true},"6":{"name":"(anonymous_6)","line":123,"loc":{"start":{"line":123,"column":33},"end":{"line":123,"column":48}},"skip":true},"7":{"name":"(anonymous_7)","line":125,"loc":{"start":{"line":125,"column":27},"end":{"line":125,"column":39}},"skip":true},"8":{"name":"(anonymous_8)","line":133,"loc":{"start":{"line":133,"column":59},"end":{"line":133,"column":74}},"skip":true},"9":{"name":"(anonymous_9)","line":143,"loc":{"start":{"line":143,"column":45},"end":{"line":143,"column":62}},"skip":true},"10":{"name":"(anonymous_10)","line":144,"loc":{"start":{"line":144,"column":73},"end":{"line":144,"column":92}},"skip":true},"11":{"name":"(anonymous_11)","line":272,"loc":{"start":{"line":272,"column":51},"end":{"line":272,"column":77}},"skip":true},"12":{"name":"(anonymous_12)","line":315,"loc":{"start":{"line":315,"column":32},"end":{"line":315,"column":61}},"skip":true}},"statementMap":{"1":{"start":{"line":26,"column":0},"end":{"line":326,"column":5}},"2":{"start":{"line":28,"column":4},"end":{"line":28,"column":14}},"3":{"start":{"line":33,"column":4},"end":{"line":60,"column":9}},"4":{"start":{"line":35,"column":8},"end":{"line":35,"column":19}},"5":{"start":{"line":37,"column":8},"end":{"line":49,"column":13}},"6":{"start":{"line":38,"column":12},"end":{"line":48,"column":13}},"7":{"start":{"line":39,"column":16},"end":{"line":42,"column":30}},"8":{"start":{"line":44,"column":16},"end":{"line":47,"column":27}},"9":{"start":{"line":51,"column":8},"end":{"line":53,"column":21}},"10":{"start":{"line":55,"column":8},"end":{"line":57,"column":45}},"11":{"start":{"line":59,"column":8},"end":{"line":59,"column":35}},"12":{"start":{"line":61,"column":4},"end":{"line":325,"column":5}},"13":{"start":{"line":69,"column":8},"end":{"line":121,"column":10},"skip":true},"14":{"start":{"line":70,"column":12},"end":{"line":88,"column":13},"skip":true},"15":{"start":{"line":76,"column":16},"end":{"line":87,"column":19},"skip":true},"16":{"start":{"line":79,"column":20},"end":{"line":86,"column":21},"skip":true},"17":{"start":{"line":82,"column":24},"end":{"line":82,"column":43},"skip":true},"18":{"start":{"line":83,"column":24},"end":{"line":83,"column":30},"skip":true},"19":{"start":{"line":85,"column":24},"end":{"line":85,"column":49},"skip":true},"20":{"start":{"line":89,"column":12},"end":{"line":107,"column":13},"skip":true},"21":{"start":{"line":92,"column":16},"end":{"line":102,"column":17},"skip":true},"22":{"start":{"line":93,"column":20},"end":{"line":93,"column":86},"skip":true},"23":{"start":{"line":94,"column":20},"end":{"line":95,"column":45},"skip":true},"24":{"start":{"line":96,"column":20},"end":{"line":96,"column":42},"skip":true},"25":{"start":{"line":97,"column":20},"end":{"line":97,"column":48},"skip":true},"26":{"start":{"line":100,"column":20},"end":{"line":100,"column":85},"skip":true},"27":{"start":{"line":101,"column":20},"end":{"line":101,"column":96},"skip":true},"28":{"start":{"line":103,"column":16},"end":{"line":103,"column":22},"skip":true},"29":{"start":{"line":106,"column":16},"end":{"line":106,"column":22},"skip":true},"30":{"start":{"line":108,"column":12},"end":{"line":120,"column":13},"skip":true},"31":{"start":{"line":114,"column":16},"end":{"line":119,"column":17},"skip":true},"32":{"start":{"line":116,"column":20},"end":{"line":116,"column":78},"skip":true},"33":{"start":{"line":118,"column":20},"end":{"line":118,"column":47},"skip":true},"34":{"start":{"line":123,"column":8},"end":{"line":141,"column":11},"skip":true},"35":{"start":{"line":124,"column":12},"end":{"line":124,"column":54},"skip":true},"36":{"start":{"line":125,"column":12},"end":{"line":140,"column":14},"skip":true},"37":{"start":{"line":126,"column":16},"end":{"line":126,"column":28},"skip":true},"38":{"start":{"line":127,"column":16},"end":{"line":127,"column":69},"skip":true},"39":{"start":{"line":128,"column":16},"end":{"line":128,"column":75},"skip":true},"40":{"start":{"line":129,"column":16},"end":{"line":131,"column":17},"skip":true},"41":{"start":{"line":130,"column":20},"end":{"line":130,"column":27},"skip":true},"42":{"start":{"line":133,"column":16},"end":{"line":137,"column":36},"skip":true},"43":{"start":{"line":134,"column":20},"end":{"line":136,"column":55},"skip":true},"44":{"start":{"line":139,"column":16},"end":{"line":139,"column":57},"skip":true},"45":{"start":{"line":143,"column":8},"end":{"line":147,"column":11},"skip":true},"46":{"start":{"line":144,"column":12},"end":{"line":146,"column":15},"skip":true},"47":{"start":{"line":145,"column":16},"end":{"line":145,"column":70},"skip":true},"48":{"start":{"line":149,"column":8},"end":{"line":149,"column":31},"skip":true},"49":{"start":{"line":150,"column":8},"end":{"line":150,"column":14},"skip":true},"50":{"start":{"line":158,"column":8},"end":{"line":158,"column":31},"skip":true},"51":{"start":{"line":160,"column":8},"end":{"line":160,"column":33},"skip":true},"52":{"start":{"line":161,"column":8},"end":{"line":161,"column":37},"skip":true},"53":{"start":{"line":162,"column":8},"end":{"line":162,"column":35},"skip":true},"54":{"start":{"line":164,"column":8},"end":{"line":164,"column":50},"skip":true},"55":{"start":{"line":166,"column":8},"end":{"line":256,"column":2},"skip":true},"56":{"start":{"line":258,"column":8},"end":{"line":286,"column":9},"skip":true},"57":{"start":{"line":259,"column":12},"end":{"line":269,"column":14},"skip":true},"58":{"start":{"line":271,"column":12},"end":{"line":285,"column":19},"skip":true},"59":{"start":{"line":274,"column":20},"end":{"line":274,"column":35},"skip":true},"60":{"start":{"line":275,"column":20},"end":{"line":284,"column":21},"skip":true},"61":{"start":{"line":277,"column":24},"end":{"line":277,"column":64},"skip":true},"62":{"start":{"line":279,"column":24},"end":{"line":279,"column":40},"skip":true},"63":{"start":{"line":281,"column":24},"end":{"line":281,"column":40},"skip":true},"64":{"start":{"line":283,"column":24},"end":{"line":283,"column":39},"skip":true},"65":{"start":{"line":288,"column":8},"end":{"line":290,"column":9},"skip":true},"66":{"start":{"line":289,"column":12},"end":{"line":289,"column":18},"skip":true},"67":{"start":{"line":291,"column":8},"end":{"line":293,"column":54},"skip":true},"68":{"start":{"line":296,"column":8},"end":{"line":301,"column":37},"skip":true},"69":{"start":{"line":303,"column":8},"end":{"line":303,"column":82},"skip":true},"70":{"start":{"line":306,"column":8},"end":{"line":308,"column":9},"skip":true},"71":{"start":{"line":307,"column":12},"end":{"line":307,"column":82},"skip":true},"72":{"start":{"line":310,"column":8},"end":{"line":312,"column":9},"skip":true},"73":{"start":{"line":311,"column":12},"end":{"line":311,"column":18},"skip":true},"74":{"start":{"line":313,"column":8},"end":{"line":313,"column":54},"skip":true},"75":{"start":{"line":314,"column":8},"end":{"line":314,"column":69},"skip":true},"76":{"start":{"line":315,"column":8},"end":{"line":323,"column":36},"skip":true},"77":{"start":{"line":316,"column":12},"end":{"line":316,"column":61},"skip":true},"78":{"start":{"line":317,"column":12},"end":{"line":320,"column":13},"skip":true},"79":{"start":{"line":318,"column":16},"end":{"line":318,"column":75},"skip":true},"80":{"start":{"line":319,"column":16},"end":{"line":319,"column":23},"skip":true},"81":{"start":{"line":321,"column":12},"end":{"line":321,"column":38},"skip":true},"82":{"start":{"line":322,"column":12},"end":{"line":322,"column":27},"skip":true},"83":{"start":{"line":324,"column":8},"end":{"line":324,"column":14},"skip":true}},"branchMap":{"1":{"line":39,"type":"binary-expr","locations":[{"start":{"line":39,"column":23},"end":{"line":39,"column":62}},{"start":{"line":40,"column":20},"end":{"line":40,"column":70}},{"start":{"line":41,"column":20},"end":{"line":41,"column":71}},{"start":{"line":42,"column":20},"end":{"line":42,"column":29}}]},"2":{"line":44,"type":"binary-expr","locations":[{"start":{"line":44,"column":23},"end":{"line":44,"column":37}},{"start":{"line":45,"column":20},"end":{"line":45,"column":61}},{"start":{"line":46,"column":20},"end":{"line":46,"column":70}},{"start":{"line":47,"column":20},"end":{"line":47,"column":26}}]},"3":{"line":51,"type":"cond-expr","locations":[{"start":{"line":52,"column":14},"end":{"line":52,"column":20}},{"start":{"line":53,"column":14},"end":{"line":53,"column":20}}]},"4":{"line":55,"type":"binary-expr","locations":[{"start":{"line":55,"column":16},"end":{"line":55,"column":44}},{"start":{"line":55,"column":49},"end":{"line":57,"column":43}}]},"5":{"line":55,"type":"cond-expr","locations":[{"start":{"line":56,"column":14},"end":{"line":56,"column":56}},{"start":{"line":57,"column":14},"end":{"line":57,"column":43}}]},"6":{"line":61,"type":"switch","locations":[{"start":{"line":68,"column":4},"end":{"line":150,"column":14},"skip":true},{"start":{"line":156,"column":4},"end":{"line":324,"column":14},"skip":true}]},"7":{"line":70,"type":"if","locations":[{"start":{"line":70,"column":12},"end":{"line":70,"column":12},"skip":true},{"start":{"line":70,"column":12},"end":{"line":70,"column":12},"skip":true}]},"8":{"line":70,"type":"binary-expr","locations":[{"start":{"line":70,"column":16},"end":{"line":70,"column":22},"skip":true},{"start":{"line":70,"column":27},"end":{"line":70,"column":32},"skip":true},{"start":{"line":71,"column":20},"end":{"line":71,"column":39},"skip":true},{"start":{"line":72,"column":20},"end":{"line":72,"column":49},"skip":true},{"start":{"line":73,"column":20},"end":{"line":73,"column":58},"skip":true},{"start":{"line":74,"column":20},"end":{"line":74,"column":69},"skip":true}]},"9":{"line":79,"type":"switch","locations":[{"start":{"line":80,"column":20},"end":{"line":80,"column":33},"skip":true},{"start":{"line":81,"column":20},"end":{"line":83,"column":30},"skip":true},{"start":{"line":84,"column":20},"end":{"line":85,"column":49},"skip":true}]},"10":{"line":89,"type":"switch","locations":[{"start":{"line":90,"column":12},"end":{"line":103,"column":22},"skip":true},{"start":{"line":105,"column":12},"end":{"line":106,"column":22},"skip":true}]},"11":{"line":89,"type":"binary-expr","locations":[{"start":{"line":89,"column":20},"end":{"line":89,"column":25},"skip":true},{"start":{"line":89,"column":29},"end":{"line":89,"column":48},"skip":true},{"start":{"line":89,"column":52},"end":{"line":89,"column":74},"skip":true}]},"12":{"line":92,"type":"if","locations":[{"start":{"line":92,"column":16},"end":{"line":92,"column":16},"skip":true},{"start":{"line":92,"column":16},"end":{"line":92,"column":16},"skip":true}]},"13":{"line":108,"type":"if","locations":[{"start":{"line":108,"column":12},"end":{"line":108,"column":12},"skip":true},{"start":{"line":108,"column":12},"end":{"line":108,"column":12},"skip":true}]},"14":{"line":108,"type":"binary-expr","locations":[{"start":{"line":108,"column":16},"end":{"line":108,"column":61},"skip":true},{"start":{"line":108,"column":66},"end":{"line":108,"column":72},"skip":true},{"start":{"line":108,"column":77},"end":{"line":108,"column":82},"skip":true},{"start":{"line":109,"column":20},"end":{"line":109,"column":39},"skip":true},{"start":{"line":110,"column":20},"end":{"line":110,"column":49},"skip":true},{"start":{"line":111,"column":20},"end":{"line":111,"column":58},"skip":true},{"start":{"line":112,"column":20},"end":{"line":112,"column":68},"skip":true}]},"15":{"line":129,"type":"if","locations":[{"start":{"line":129,"column":16},"end":{"line":129,"column":16},"skip":true},{"start":{"line":129,"column":16},"end":{"line":129,"column":16},"skip":true}]},"16":{"line":134,"type":"cond-expr","locations":[{"start":{"line":135,"column":26},"end":{"line":135,"column":29},"skip":true},{"start":{"line":136,"column":26},"end":{"line":136,"column":54},"skip":true}]},"17":{"line":164,"type":"binary-expr","locations":[{"start":{"line":164,"column":27},"end":{"line":164,"column":43},"skip":true},{"start":{"line":164,"column":47},"end":{"line":164,"column":49},"skip":true}]},"18":{"line":258,"type":"if","locations":[{"start":{"line":258,"column":8},"end":{"line":258,"column":8},"skip":true},{"start":{"line":258,"column":8},"end":{"line":258,"column":8},"skip":true}]},"19":{"line":275,"type":"switch","locations":[{"start":{"line":276,"column":20},"end":{"line":277,"column":64},"skip":true},{"start":{"line":278,"column":20},"end":{"line":279,"column":40},"skip":true},{"start":{"line":280,"column":20},"end":{"line":281,"column":40},"skip":true},{"start":{"line":282,"column":20},"end":{"line":283,"column":39},"skip":true}]},"20":{"line":288,"type":"if","locations":[{"start":{"line":288,"column":8},"end":{"line":288,"column":8},"skip":true},{"start":{"line":288,"column":8},"end":{"line":288,"column":8},"skip":true}]},"21":{"line":288,"type":"binary-expr","locations":[{"start":{"line":288,"column":12},"end":{"line":288,"column":40},"skip":true},{"start":{"line":288,"column":44},"end":{"line":288,"column":67},"skip":true}]},"22":{"line":292,"type":"binary-expr","locations":[{"start":{"line":292,"column":12},"end":{"line":292,"column":50},"skip":true},{"start":{"line":293,"column":12},"end":{"line":293,"column":53},"skip":true}]},"23":{"line":297,"type":"binary-expr","locations":[{"start":{"line":297,"column":12},"end":{"line":297,"column":70},"skip":true},{"start":{"line":298,"column":12},"end":{"line":301,"column":36},"skip":true}]},"24":{"line":303,"type":"binary-expr","locations":[{"start":{"line":303,"column":43},"end":{"line":303,"column":75},"skip":true},{"start":{"line":303,"column":79},"end":{"line":303,"column":81},"skip":true}]},"25":{"line":306,"type":"if","locations":[{"start":{"line":306,"column":8},"end":{"line":306,"column":8},"skip":true},{"start":{"line":306,"column":8},"end":{"line":306,"column":8},"skip":true}]},"26":{"line":310,"type":"if","locations":[{"start":{"line":310,"column":8},"end":{"line":310,"column":8},"skip":true},{"start":{"line":310,"column":8},"end":{"line":310,"column":8},"skip":true}]},"27":{"line":313,"type":"binary-expr","locations":[{"start":{"line":313,"column":27},"end":{"line":313,"column":43},"skip":true},{"start":{"line":313,"column":47},"end":{"line":313,"column":53},"skip":true}]},"28":{"line":317,"type":"if","locations":[{"start":{"line":317,"column":12},"end":{"line":317,"column":12},"skip":true},{"start":{"line":317,"column":12},"end":{"line":317,"column":12},"skip":true}]}},"code":["/*","example.js","","quickstart example","","instruction","    1. save this script as example.js","    2. run the shell command:","        $ npm install npmtest-captains-log && PORT=8081 node example.js","    3. play with the browser-demo on http://127.0.0.1:8081","*/","","","","/* istanbul instrument in package npmtest_captains_log */","/*jslint","    bitwise: true,","    browser: true,","    maxerr: 8,","    maxlen: 96,","    node: true,","    nomen: true,","    regexp: true,","    stupid: true","*/","(function () {","    'use strict';","    var local;","","","","    // run shared js-env code - pre-init","    (function () {","        // init local","        local = {};","        // init modeJs","        local.modeJs = (function () {","            try {","                return typeof navigator.userAgent === 'string' &&","                    typeof document.querySelector('body') === 'object' &&","                    typeof XMLHttpRequest.prototype.open === 'function' &&","                    'browser';","            } catch (errorCaughtBrowser) {","                return module.exports &&","                    typeof process.versions.node === 'string' &&","                    typeof require('http').createServer === 'function' &&","                    'node';","            }","        }());","        // init global","        local.global = local.modeJs === 'browser'","            ? window","            : global;","        // init utility2_rollup","        local = local.global.utility2_rollup || (local.modeJs === 'browser'","            ? local.global.utility2_npmtest_captains_log","            : global.utility2_moduleExports);","        // export local","        local.global.local = local;","    }());","    switch (local.modeJs) {","","","","    // post-init","    // run browser js-env code - post-init","    /* istanbul ignore next */","    case 'browser':","        local.testRunBrowser = function (event) {","            if (!event || (event &&","                    event.currentTarget &&","                    event.currentTarget.className &&","                    event.currentTarget.className.includes &&","                    event.currentTarget.className.includes('onreset'))) {","                // reset output","                Array.from(","                    document.querySelectorAll('body > .resettable')","                ).forEach(function (element) {","                    switch (element.tagName) {","                    case 'INPUT':","                    case 'TEXTAREA':","                        element.value = '';","                        break;","                    default:","                        element.textContent = '';","                    }","                });","            }","            switch (event && event.currentTarget && event.currentTarget.id) {","            case 'testRunButton1':","                // show tests","                if (document.querySelector('#testReportDiv1').style.display === 'none') {","                    document.querySelector('#testReportDiv1').style.display = 'block';","                    document.querySelector('#testRunButton1').textContent =","                        'hide internal test';","                    local.modeTest = true;","                    local.testRunDefault(local);","                // hide tests","                } else {","                    document.querySelector('#testReportDiv1').style.display = 'none';","                    document.querySelector('#testRunButton1').textContent = 'run internal test';","                }","                break;","            // custom-case","            default:","                break;","            }","            if (document.querySelector('#inputTextareaEval1') && (!event || (event &&","                    event.currentTarget &&","                    event.currentTarget.className &&","                    event.currentTarget.className.includes &&","                    event.currentTarget.className.includes('oneval')))) {","                // try to eval input-code","                try {","                    /*jslint evil: true*/","                    eval(document.querySelector('#inputTextareaEval1').value);","                } catch (errorCaught) {","                    console.error(errorCaught);","                }","            }","        };","        // log stderr and stdout to #outputTextareaStdout1","        ['error', 'log'].forEach(function (key) {","            console[key + '_original'] = console[key];","            console[key] = function () {","                var element;","                console[key + '_original'].apply(console, arguments);","                element = document.querySelector('#outputTextareaStdout1');","                if (!element) {","                    return;","                }","                // append text to #outputTextareaStdout1","                element.value += Array.from(arguments).map(function (arg) {","                    return typeof arg === 'string'","                        ? arg","                        : JSON.stringify(arg, null, 4);","                }).join(' ') + '\\n';","                // scroll textarea to bottom","                element.scrollTop = element.scrollHeight;","            };","        });","        // init event-handling","        ['change', 'click', 'keyup'].forEach(function (event) {","            Array.from(document.querySelectorAll('.on' + event)).forEach(function (element) {","                element.addEventListener(event, local.testRunBrowser);","            });","        });","        // run tests","        local.testRunBrowser();","        break;","","","","    // run node js-env code - post-init","    /* istanbul ignore next */","    case 'node':","        // export local","        module.exports = local;","        // require modules","        local.fs = require('fs');","        local.http = require('http');","        local.url = require('url');","        // init assets","        local.assetsDict = local.assetsDict || {};","        /* jslint-ignore-begin */","        local.assetsDict['/assets.index.template.html'] = '\\","<!doctype html>\\n\\","<html lang=\"en\">\\n\\","<head>\\n\\","<meta charset=\"UTF-8\">\\n\\","<meta name=\"viewport\" content=\"width=device-width, initial-scale=1\">\\n\\","<title>{{env.npm_package_name}} (v{{env.npm_package_version}})</title>\\n\\","<style>\\n\\","/*csslint\\n\\","    box-sizing: false,\\n\\","    universal-selector: false\\n\\","*/\\n\\","* {\\n\\","    box-sizing: border-box;\\n\\","}\\n\\","body {\\n\\","    background: #dde;\\n\\","    font-family: Arial, Helvetica, sans-serif;\\n\\","    margin: 2rem;\\n\\","}\\n\\","body > * {\\n\\","    margin-bottom: 1rem;\\n\\","}\\n\\",".utility2FooterDiv {\\n\\","    margin-top: 20px;\\n\\","    text-align: center;\\n\\","}\\n\\","</style>\\n\\","<style>\\n\\","/*csslint\\n\\","*/\\n\\","textarea {\\n\\","    font-family: monospace;\\n\\","    height: 10rem;\\n\\","    width: 100%;\\n\\","}\\n\\","textarea[readonly] {\\n\\","    background: #ddd;\\n\\","}\\n\\","</style>\\n\\","</head>\\n\\","<body>\\n\\","<!-- utility2-comment\\n\\","<div id=\"ajaxProgressDiv1\" style=\"background: #d00; height: 2px; left: 0; margin: 0; padding: 0; position: fixed; top: 0; transition: background 0.5s, width 1.5s; width: 25%;\"></div>\\n\\","utility2-comment -->\\n\\","<h1>\\n\\","<!-- utility2-comment\\n\\","    <a\\n\\","        {{#if env.npm_package_homepage}}\\n\\","        href=\"{{env.npm_package_homepage}}\"\\n\\","        {{/if env.npm_package_homepage}}\\n\\","        target=\"_blank\"\\n\\","    >\\n\\","utility2-comment -->\\n\\","        {{env.npm_package_name}} (v{{env.npm_package_version}})\\n\\","<!-- utility2-comment\\n\\","    </a>\\n\\","utility2-comment -->\\n\\","</h1>\\n\\","<h3>{{env.npm_package_description}}</h3>\\n\\","<!-- utility2-comment\\n\\","<h4><a download href=\"assets.app.js\">download standalone app</a></h4>\\n\\","<button class=\"onclick onreset\" id=\"testRunButton1\">run internal test</button><br>\\n\\","<div id=\"testReportDiv1\" style=\"display: none;\"></div>\\n\\","utility2-comment -->\\n\\","\\n\\","\\n\\","\\n\\","<label>stderr and stdout</label>\\n\\","<textarea class=\"resettable\" id=\"outputTextareaStdout1\" readonly></textarea>\\n\\","<!-- utility2-comment\\n\\","{{#if isRollup}}\\n\\","<script src=\"assets.app.js\"></script>\\n\\","{{#unless isRollup}}\\n\\","utility2-comment -->\\n\\","<script src=\"assets.utility2.rollup.js\"></script>\\n\\","<script src=\"jsonp.utility2._stateInit?callback=window.utility2._stateInit\"></script>\\n\\","<script src=\"assets.npmtest_captains_log.rollup.js\"></script>\\n\\","<script src=\"assets.example.js\"></script>\\n\\","<script src=\"assets.test.js\"></script>\\n\\","<!-- utility2-comment\\n\\","{{/if isRollup}}\\n\\","utility2-comment -->\\n\\","<div class=\"utility2FooterDiv\">\\n\\","    [ this app was created with\\n\\","    <a href=\"https://github.com/kaizhu256/node-utility2\" target=\"_blank\">utility2</a>\\n\\","    ]\\n\\","</div>\\n\\","</body>\\n\\","</html>\\n\\","';","        /* jslint-ignore-end */","        if (local.templateRender) {","            local.assetsDict['/'] = local.templateRender(","                local.assetsDict['/assets.index.template.html'],","                {","                    env: local.objectSetDefault(local.env, {","                        npm_package_description: 'the greatest app in the world!',","                        npm_package_name: 'my-app',","                        npm_package_nameAlias: 'my_app',","                        npm_package_version: '0.0.1'","                    })","                }","            );","        } else {","            local.assetsDict['/'] = local.assetsDict['/assets.index.template.html']","                .replace((/\\{\\{env\\.(\\w+?)\\}\\}/g), function (match0, match1) {","                    // jslint-hack","                    String(match0);","                    switch (match1) {","                    case 'npm_package_description':","                        return 'the greatest app in the world!';","                    case 'npm_package_name':","                        return 'my-app';","                    case 'npm_package_nameAlias':","                        return 'my_app';","                    case 'npm_package_version':","                        return '0.0.1';","                    }","                });","        }","        // run the cli","        if (local.global.utility2_rollup || module !== require.main) {","            break;","        }","        local.assetsDict['/assets.example.js'] =","            local.assetsDict['/assets.example.js'] ||","            local.fs.readFileSync(__filename, 'utf8');","        // bug-workaround - long $npm_package_buildCustomOrg","        /* jslint-ignore-begin */","        local.assetsDict['/assets.npmtest_captains_log.rollup.js'] =","            local.assetsDict['/assets.npmtest_captains_log.rollup.js'] ||","            local.fs.readFileSync(","                local.npmtest_captains_log.__dirname + '/lib.npmtest_captains_log.js',","                'utf8'","            ).replace((/^#!/), '//');","        /* jslint-ignore-end */","        local.assetsDict['/favicon.ico'] = local.assetsDict['/favicon.ico'] || '';","        // if $npm_config_timeout_exit exists,","        // then exit this process after $npm_config_timeout_exit ms","        if (Number(process.env.npm_config_timeout_exit)) {","            setTimeout(process.exit, Number(process.env.npm_config_timeout_exit));","        }","        // start server","        if (local.global.utility2_serverHttp1) {","            break;","        }","        process.env.PORT = process.env.PORT || '8081';","        console.error('server starting on port ' + process.env.PORT);","        local.http.createServer(function (request, response) {","            request.urlParsed = local.url.parse(request.url);","            if (local.assetsDict[request.urlParsed.pathname] !== undefined) {","                response.end(local.assetsDict[request.urlParsed.pathname]);","                return;","            }","            response.statusCode = 404;","            response.end();","        }).listen(process.env.PORT);","        break;","    }","}());",""],"l":{"26":2,"28":2,"33":2,"35":2,"37":2,"38":2,"39":2,"44":1,"51":2,"55":2,"59":2,"61":2,"69":1,"70":2,"76":2,"79":2,"82":2,"83":2,"85":1,"89":2,"92":1,"93":1,"94":1,"96":1,"97":1,"100":1,"101":1,"103":1,"106":1,"108":2,"114":1,"116":1,"118":1,"123":1,"124":2,"125":2,"126":3,"127":3,"128":3,"129":3,"130":1,"133":3,"134":3,"139":3,"143":1,"144":3,"145":1,"149":1,"150":1,"158":1,"160":1,"161":1,"162":1,"164":1,"166":1,"258":1,"259":1,"271":1,"274":6,"275":6,"277":1,"279":2,"281":1,"283":2,"288":1,"289":1,"291":1,"296":1,"303":1,"306":1,"307":1,"310":1,"311":1,"313":1,"314":1,"315":1,"316":1,"317":1,"318":1,"319":1,"321":1,"322":1,"324":1}},"/home/travis/build/npmtest/node-npmtest-captains-log/node_modules/captains-log/index.js":{"path":"/home/travis/build/npmtest/node-npmtest-captains-log/node_modules/captains-log/index.js","s":{"1":1,"2":1,"3":1,"4":1,"5":1,"6":1,"7":1,"8":0,"9":0,"10":0,"11":0,"12":0,"13":0,"14":0,"15":0,"16":0,"17":0,"18":0,"19":0,"20":0,"21":0,"22":0,"23":0,"24":0,"25":0,"26":0,"27":0},"b":{"1":[0,0],"2":[0,0],"3":[0,0],"4":[0,0],"5":[0,0],"6":[0,0,0],"7":[0,0],"8":[0,0,0],"9":[0,0],"10":[0,0],"11":[0,0],"12":[0,0],"13":[0,0],"14":[0,0]},"f":{"1":0,"2":0},"fnMap":{"1":{"name":"CaptainsLog","line":28,"loc":{"start":{"line":28,"column":17},"end":{"line":28,"column":49}}},"2":{"name":"(anonymous_2)","line":66,"loc":{"start":{"line":66,"column":18},"end":{"line":66,"column":29}}}},"statementMap":{"1":{"start":{"line":5,"column":0},"end":{"line":5,"column":27}},"2":{"start":{"line":6,"column":0},"end":{"line":6,"column":35}},"3":{"start":{"line":7,"column":0},"end":{"line":7,"column":23}},"4":{"start":{"line":8,"column":0},"end":{"line":8,"column":33}},"5":{"start":{"line":9,"column":0},"end":{"line":9,"column":43}},"6":{"start":{"line":10,"column":0},"end":{"line":10,"column":41}},"7":{"start":{"line":28,"column":0},"end":{"line":88,"column":2}},"8":{"start":{"line":39,"column":2},"end":{"line":39,"column":37}},"9":{"start":{"line":43,"column":2},"end":{"line":43,"column":26}},"10":{"start":{"line":47,"column":2},"end":{"line":76,"column":3}},"11":{"start":{"line":48,"column":4},"end":{"line":48,"column":28}},"12":{"start":{"line":54,"column":4},"end":{"line":60,"column":5}},"13":{"start":{"line":55,"column":6},"end":{"line":59,"column":8}},"14":{"start":{"line":66,"column":4},"end":{"line":66,"column":32}},"15":{"start":{"line":68,"column":4},"end":{"line":68,"column":43}},"16":{"start":{"line":69,"column":4},"end":{"line":69,"column":41}},"17":{"start":{"line":70,"column":4},"end":{"line":70,"column":57}},"18":{"start":{"line":71,"column":4},"end":{"line":71,"column":43}},"19":{"start":{"line":72,"column":4},"end":{"line":72,"column":57}},"20":{"start":{"line":73,"column":4},"end":{"line":73,"column":47}},"21":{"start":{"line":74,"column":4},"end":{"line":74,"column":43}},"22":{"start":{"line":75,"column":4},"end":{"line":75,"column":43}},"23":{"start":{"line":79,"column":2},"end":{"line":79,"column":45}},"24":{"start":{"line":82,"column":2},"end":{"line":82,"column":104}},"25":{"start":{"line":83,"column":2},"end":{"line":83,"column":76}},"26":{"start":{"line":83,"column":29},"end":{"line":83,"column":74}},"27":{"start":{"line":86,"column":2},"end":{"line":86,"column":24}}},"branchMap":{"1":{"line":47,"type":"if","locations":[{"start":{"line":47,"column":2},"end":{"line":47,"column":2}},{"start":{"line":47,"column":2},"end":{"line":47,"column":2}}]},"2":{"line":54,"type":"if","locations":[{"start":{"line":54,"column":4},"end":{"line":54,"column":4}},{"start":{"line":54,"column":4},"end":{"line":54,"column":4}}]},"3":{"line":54,"type":"binary-expr","locations":[{"start":{"line":54,"column":8},"end":{"line":54,"column":27}},{"start":{"line":54,"column":31},"end":{"line":54,"column":56}}]},"4":{"line":68,"type":"binary-expr","locations":[{"start":{"line":68,"column":19},"end":{"line":68,"column":31}},{"start":{"line":68,"column":35},"end":{"line":68,"column":42}}]},"5":{"line":69,"type":"binary-expr","locations":[{"start":{"line":69,"column":18},"end":{"line":69,"column":29}},{"start":{"line":69,"column":33},"end":{"line":69,"column":40}}]},"6":{"line":70,"type":"binary-expr","locations":[{"start":{"line":70,"column":18},"end":{"line":70,"column":29}},{"start":{"line":70,"column":33},"end":{"line":70,"column":45}},{"start":{"line":70,"column":49},"end":{"line":70,"column":56}}]},"7":{"line":71,"type":"binary-expr","locations":[{"start":{"line":71,"column":19},"end":{"line":71,"column":31}},{"start":{"line":71,"column":35},"end":{"line":71,"column":42}}]},"8":{"line":72,"type":"binary-expr","locations":[{"start":{"line":72,"column":18},"end":{"line":72,"column":29}},{"start":{"line":72,"column":33},"end":{"line":72,"column":45}},{"start":{"line":72,"column":49},"end":{"line":72,"column":56}}]},"9":{"line":73,"type":"binary-expr","locations":[{"start":{"line":73,"column":21},"end":{"line":73,"column":35}},{"start":{"line":73,"column":39},"end":{"line":73,"column":46}}]},"10":{"line":74,"type":"binary-expr","locations":[{"start":{"line":74,"column":19},"end":{"line":74,"column":31}},{"start":{"line":74,"column":35},"end":{"line":74,"column":42}}]},"11":{"line":75,"type":"binary-expr","locations":[{"start":{"line":75,"column":19},"end":{"line":75,"column":31}},{"start":{"line":75,"column":35},"end":{"line":75,"column":42}}]},"12":{"line":82,"type":"cond-expr","locations":[{"start":{"line":82,"column":46},"end":{"line":82,"column":52}},{"start":{"line":82,"column":55},"end":{"line":82,"column":102}}]},"13":{"line":82,"type":"cond-expr","locations":[{"start":{"line":82,"column":85},"end":{"line":82,"column":91}},{"start":{"line":82,"column":94},"end":{"line":82,"column":102}}]},"14":{"line":83,"type":"if","locations":[{"start":{"line":83,"column":2},"end":{"line":83,"column":2}},{"start":{"line":83,"column":2},"end":{"line":83,"column":2}}]}},"code":["/**"," * Module dependencies."," */","","var util = require('util');","var _ = require('@sailshq/lodash');","var rc = require('rc');","var wrap = require('./lib/wrap');","var configure = require('./lib/configure');","var captains = require('./lib/captains');","","","","/**"," * Captains Log"," *"," * @param {Object} overrides"," *           , {Object}  custom       : a custom logger to use, i.e. Winston"," *           , {Object}  logLevels    : optional - named log levels, defaults to npm conventions"," *           , {String}  level        : the current log level- e.g. silly, verbose, info, debug, warn, error, or silent"," *           , {Boolean} inspect      : defaults to true-- whether to make the log output more readable (combines all args into one string)"," *           , {Object}  inspectOptions : defaults to {}-- options to pass to the inspect function. One example can be {colors: true, depth:null}"," *                                        printing objects in colors. See: https://nodejs.org/api/util.html#util_util_inspect_object_options"," *"," * @return {Function{}} enhanced (callable) version of logger"," */","","module.exports = function CaptainsLog(overrides) {","","  // <todo>","  //","  // smart caching","  // i.e. if (process._captainslog) return process._captainslog","  // (but only if the overrides passed in are identical)","  //","  // </todo>","","  // Apply overrides to the default configuration","  var options = configure(overrides);","","  // If no override was specified, we'll instantiate","  // our default logger, `captains`.","  var logger = captains();","","  // If a custom logger override was specified,","  // lets try to use it.","  if (options.custom) {","    logger = options.custom;","","    // Make sure enough log methods exist to meet our requirements.","    //","    // We assume that at least something called","    // `logger.log` or `logger.debug` exists.","    if (!_.isObject(logger) || !_.isFunction(logger.log)) {","      throw new Error(","        'Unsupported logger override provided as `custom`!\\n' +","        '(has no `.log()` or `.debug()` method.)\\n'+","        'Here\\'s what was passed in:\\n'+util.inspect(logger,{depth:null})","      );","    }//-•","","    // Fill in the gaps for the required log methods with","    // reasonable guesses if the custom logger is missing any","    // (only required method is `logger.log` or `logger.debug`)","    // If no reasonable alternative is possible, don't log","    var nullLog = function() {};","","    logger.debug = logger.debug || nullLog;","    logger.info = logger.info || nullLog;","    logger.warn = logger.warn || logger.error || nullLog;","    logger.error = logger.error || nullLog;","    logger.crit = logger.crit || logger.error || nullLog;","    logger.verbose = logger.verbose || nullLog;","    logger.silly = logger.silly || nullLog;","    logger.blank = logger.blank || nullLog;","  }","","  // Make logger callable and stuff (wrap it)","  var callableLogger = wrap(logger, options);","","  // Also expose logger on `global` if `globalizeAs` is enabled","  var GLOBAL = (typeof global !== undefined ? global : typeof window !== undefined ? window : Function);","  if (options.globalizeAs) { GLOBAL[options.globalizeAs] = callableLogger; }","","","  return callableLogger;","","};",""],"l":{"5":1,"6":1,"7":1,"8":1,"9":1,"10":1,"28":1,"39":0,"43":0,"47":0,"48":0,"54":0,"55":0,"66":0,"68":0,"69":0,"70":0,"71":0,"72":0,"73":0,"74":0,"75":0,"79":0,"82":0,"83":0,"86":0}},"/home/travis/build/npmtest/node-npmtest-captains-log/node_modules/captains-log/lib/wrap.js":{"path":"/home/travis/build/npmtest/node-npmtest-captains-log/node_modules/captains-log/lib/wrap.js","s":{"1":1,"2":1,"3":1,"4":0,"5":0,"6":0,"7":0},"b":{},"f":{"1":0,"2":0},"fnMap":{"1":{"name":"_wrap","line":19,"loc":{"start":{"line":19,"column":17},"end":{"line":19,"column":49}}},"2":{"name":"(anonymous_2)","line":27,"loc":{"start":{"line":27,"column":26},"end":{"line":27,"column":42}}}},"statementMap":{"1":{"start":{"line":5,"column":0},"end":{"line":5,"column":31}},"2":{"start":{"line":6,"column":0},"end":{"line":6,"column":36}},"3":{"start":{"line":19,"column":0},"end":{"line":32,"column":2}},"4":{"start":{"line":22,"column":2},"end":{"line":22,"column":62}},"5":{"start":{"line":27,"column":2},"end":{"line":29,"column":5}},"6":{"start":{"line":28,"column":4},"end":{"line":28,"column":66}},"7":{"start":{"line":31,"column":2},"end":{"line":31,"column":25}}},"branchMap":{},"code":["/**"," * Module dependencies."," */","","var write = require('./write');","var DEFAULT = require('./defaults');","","","/**"," * Return a special version of `logger` which may"," * be called directly as a function (implicitly calls"," * `logger.debug` behind the scenes)"," *"," * @param  {Dictionary} logger [original logger]"," * @return {Function}      [callable Logger]"," * @api private"," */","","module.exports = function _wrap(logger, options) {","","  // Make base logger callable (debug)","  var _CallableLogger = write(logger.debug, 'debug', options);","","  // Mix-in log methods, but run `write`","  // on their arguments to improve the readability","  // of log output.","  DEFAULT.METHODS.forEach(function(logAt) {","    _CallableLogger[logAt] = write(logger[logAt], logAt, options);","  });","","  return _CallableLogger;","};",""],"l":{"5":1,"6":1,"19":1,"22":0,"27":0,"28":0,"31":0}},"/home/travis/build/npmtest/node-npmtest-captains-log/node_modules/captains-log/lib/write.js":{"path":"/home/travis/build/npmtest/node-npmtest-captains-log/node_modules/captains-log/lib/write.js","s":{"1":1,"2":1,"3":1,"4":0,"5":0,"6":0,"7":0,"8":0,"9":0,"10":0,"11":0,"12":0,"13":0,"14":0,"15":0,"16":0,"17":0,"18":0,"19":0,"20":0,"21":0,"22":0,"23":0,"24":0},"b":{"1":[0,0],"2":[0,0],"3":[0,0],"4":[0,0,0,0],"5":[0,0],"6":[0,0],"7":[0,0,0]},"f":{"1":0,"2":0,"3":0},"fnMap":{"1":{"name":"(anonymous_1)","line":23,"loc":{"start":{"line":23,"column":17},"end":{"line":23,"column":49}}},"2":{"name":"_writeLogToConsole","line":24,"loc":{"start":{"line":24,"column":9},"end":{"line":24,"column":39}}},"3":{"name":"(anonymous_3)","line":55,"loc":{"start":{"line":55,"column":17},"end":{"line":55,"column":31}}}},"statementMap":{"1":{"start":{"line":5,"column":0},"end":{"line":5,"column":27}},"2":{"start":{"line":6,"column":0},"end":{"line":6,"column":35}},"3":{"start":{"line":23,"column":0},"end":{"line":88,"column":2}},"4":{"start":{"line":24,"column":2},"end":{"line":87,"column":4}},"5":{"start":{"line":29,"column":4},"end":{"line":29,"column":35}},"6":{"start":{"line":30,"column":4},"end":{"line":30,"column":38}},"7":{"start":{"line":31,"column":4},"end":{"line":31,"column":58}},"8":{"start":{"line":31,"column":49},"end":{"line":31,"column":56}},"9":{"start":{"line":34,"column":4},"end":{"line":34,"column":53}},"10":{"start":{"line":45,"column":4},"end":{"line":47,"column":5}},"11":{"start":{"line":46,"column":6},"end":{"line":46,"column":38}},"12":{"start":{"line":54,"column":4},"end":{"line":54,"column":20}},"13":{"start":{"line":55,"column":4},"end":{"line":78,"column":7}},"14":{"start":{"line":61,"column":6},"end":{"line":76,"column":7}},"15":{"start":{"line":62,"column":8},"end":{"line":62,"column":31}},"16":{"start":{"line":66,"column":11},"end":{"line":76,"column":7}},"17":{"start":{"line":67,"column":8},"end":{"line":70,"column":48}},"18":{"start":{"line":68,"column":10},"end":{"line":68,"column":65}},"19":{"start":{"line":70,"column":15},"end":{"line":70,"column":46}},"20":{"start":{"line":71,"column":8},"end":{"line":71,"column":15}},"21":{"start":{"line":75,"column":8},"end":{"line":75,"column":25}},"22":{"start":{"line":82,"column":4},"end":{"line":82,"column":72}},"23":{"start":{"line":83,"column":4},"end":{"line":83,"column":58}},"24":{"start":{"line":86,"column":4},"end":{"line":86,"column":37}}},"branchMap":{"1":{"line":31,"type":"if","locations":[{"start":{"line":31,"column":4},"end":{"line":31,"column":4}},{"start":{"line":31,"column":4},"end":{"line":31,"column":4}}]},"2":{"line":45,"type":"if","locations":[{"start":{"line":45,"column":4},"end":{"line":45,"column":4}},{"start":{"line":45,"column":4},"end":{"line":45,"column":4}}]},"3":{"line":61,"type":"if","locations":[{"start":{"line":61,"column":6},"end":{"line":61,"column":6}},{"start":{"line":61,"column":6},"end":{"line":61,"column":6}}]},"4":{"line":61,"type":"binary-expr","locations":[{"start":{"line":61,"column":10},"end":{"line":61,"column":24}},{"start":{"line":61,"column":28},"end":{"line":61,"column":37}},{"start":{"line":61,"column":41},"end":{"line":61,"column":53}},{"start":{"line":61,"column":57},"end":{"line":61,"column":88}}]},"5":{"line":66,"type":"if","locations":[{"start":{"line":66,"column":11},"end":{"line":66,"column":11}},{"start":{"line":66,"column":11},"end":{"line":66,"column":11}}]},"6":{"line":67,"type":"if","locations":[{"start":{"line":67,"column":8},"end":{"line":67,"column":8}},{"start":{"line":67,"column":8},"end":{"line":67,"column":8}}]},"7":{"line":82,"type":"binary-expr","locations":[{"start":{"line":82,"column":21},"end":{"line":82,"column":37}},{"start":{"line":82,"column":41},"end":{"line":82,"column":64}},{"start":{"line":82,"column":69},"end":{"line":82,"column":71}}]}},"code":["/**"," * Module dependencies."," */","","var util = require('util');","var _ = require('@sailshq/lodash');","","","","/**"," * Build a log function which combines arguments into a string,"," * enhancing them for readability.  If specified, prefixes will be"," * added."," *"," * @param  {Function} logFn  [log fn]"," * @param  {String} logAt    [e.g. 'silly' or 'error']"," * @param  {Dictionary} options"," *"," * @return {Function}        [enhanced log fn]"," * @api private"," */","","module.exports = function(logFn, logAt, options) {","  return function _writeLogToConsole() {","","    // Check `options.level` against logAt","    // to see whether to write the log.","    // ( silly = 0 | silent = highest )","    var lvlMap = options.logLevels;","    var configuredLvl = options.level;","    if (lvlMap[logAt] < lvlMap[configuredLvl]) { return; }","","","    var args = Array.prototype.slice.call(arguments);","","    /////////////////////////////////////////////////////////////////","    // For backwards-compatibility:","    // (options.inspect should always be true going forward)","    //","    // Note that prefixes and other options will not work with","    // `inspect===false`.  New features will also not support","    // inspect:false.","    //","    // If `options.inspect` is disabled, just call the log fn normally","    if (!options.inspect) {","      return logFn.apply(logFn, args);","    }","    /////////////////////////////////////////////////////////////////","","    // For reference on the following impl, see:","    // https://github.com/defunctzombie/node-util/blob/master/util.js#L22","","    // Combine & pre-process the arguments passed into the log fn","    var pieces = [];","    _.each(args, function(arg) {","","      // JavaScript Error instances","      // > Note that if the experimental `_dontAccessErrorStacks` option is enabled,","      // > Error stacks will never accessed.  This is useful for performance tuning,","      // > as explained in: https://github.com/balderdashy/captains-log/issues/17","      if (_.isError(arg) && arg.stack && !arg.inspect && !options._dontAccessErrorStacks) {","        pieces.push(arg.stack);","      }","      // Non-strings","      // (miscellaneous arrays, dictionaries, mysterious objects, etc)","      else if (!_.isString(arg)) {","        if (options.inspectOptions) {","          pieces.push(util.inspect(arg, options.inspectOptions));","        }","        else { pieces.push(util.inspect(arg)); }","        return;","      }","      // Strings","      else {","        pieces.push(arg);","      }","","    });","","    // Compose `str` of all the arguments","    // (include the appropriate prefix if specified)","    var prefixStr = (options.prefixes && options.prefixes[logAt]) || '';","    var str = prefixStr + util.format.apply(util, pieces);","","    // Call log fn","    return logFn.apply(logFn, [str]);","  };","};",""],"l":{"5":1,"6":1,"23":1,"24":0,"29":0,"30":0,"31":0,"34":0,"45":0,"46":0,"54":0,"55":0,"61":0,"62":0,"66":0,"67":0,"68":0,"70":0,"71":0,"75":0,"82":0,"83":0,"86":0}},"/home/travis/build/npmtest/node-npmtest-captains-log/node_modules/captains-log/lib/defaults.js":{"path":"/home/travis/build/npmtest/node-npmtest-captains-log/node_modules/captains-log/lib/defaults.js","s":{"1":1},"b":{},"f":{},"fnMap":{},"statementMap":{"1":{"start":{"line":9,"column":0},"end":{"line":119,"column":2}}},"branchMap":{},"code":["/**"," * Implicit defaults."," * (OPTIONS and OVERRIDES)"," *"," * @type {Dictionary}"," * @api private"," */","","module.exports = {","","  OPTIONS: {","","    level: 'info',","","    ////////////////////////////////////////////////////////////","    // Backwards compatibility:","    // (should always be true going forward)","    //","    // Whether to use additional `inspect` logic","    // (if false- just do exactly what `console.log` would do)","    inspect: true,","    ////////////////////////////////////////////////////////////","","    logLevels: {","","      silly: 0,","      verbose: 1,","      info: 2,","      blank: 2,","      debug: 3,","      warn: 4,","      error: 5,","      crit: 6,","      silent: 7","    },","","    globalizeAs: false,","","","    // If defined, uses a prefixTheme as default","    prefixTheme: 'traditional',","","","    // Different built-in prefix themes:","    prefixThemes: {","      traditional: {","        silly: 'silly: ',","        verbose: 'verbose: ',","        info: 'info: ',","        blank: '',","        debug: 'debug: ',","        warn: 'warn: ',","        error: 'error: ',","        crit: 'CRITICAL: '","      },","      abbreviated: {","        silly: '[~] ',","        verbose: '[v] ',","        info: '[i] ',","        blank: '',","        debug: '[d] ',","        warn: '[!] ',","        error: '[!] ',","        crit: '[CRITICAL] '","      },","      moderate: {","        silly: '[silly] ',","        verbose: '[verbose] ',","        info: '    ',","        blank: '',","        debug: '[-] ',","        warn: '[!] ',","        error: '[err] ',","        crit: '[CRITICAL] '","      },","      aligned: {","        silly: 'silly   | ',","        verbose: 'verbose | ',","        info: 'info    | ',","        blank: '',","        debug: 'debug   | ',","        warn: 'warning | ',","        error: 'error   | ',","        crit: 'CRITICAL| '","      }","    },","","    // The `prefixTheme` option is really just shorthand that allows","    // for configuring a set of log-level-specific prefix settings.","    // If specified, the following, lower-level `prefix` option overrides","    // the themes above:","    // prefix: '||| '","","  },","","  OVERRIDES: {","    rc: 'captainslog',","    ignoreCLIArgs: false,","","    // (only used if prefixes are not explicitly set)","    colors: {","      silly: 'rainbow',","      input: 'black',","      verbose: 'cyan',","      prompt: 'grey',","      info: 'green',","      blank: 'white',","      data: 'grey',","      help: 'cyan',","      warn: 'yellow',","      debug: 'blue',","      error: 'red',","      crit: 'red'","    }","  },","","  // Log methods to expose","  METHODS: ['crit', 'error', 'warn', 'debug', 'info', 'blank', 'verbose', 'silly']","};",""],"l":{"9":1}},"/home/travis/build/npmtest/node-npmtest-captains-log/node_modules/captains-log/lib/configure.js":{"path":"/home/travis/build/npmtest/node-npmtest-captains-log/node_modules/captains-log/lib/configure.js","s":{"1":1,"2":1,"3":1,"4":1,"5":1,"6":0,"7":0,"8":0,"9":0,"10":0,"11":0,"12":0,"13":0,"14":0,"15":0,"16":0,"17":0,"18":0,"19":0,"20":0,"21":0,"22":0,"23":0,"24":0,"25":0,"26":0,"27":0,"28":0,"29":0,"30":0,"31":0,"32":0,"33":0,"34":0,"35":0,"36":0,"37":0,"38":0,"39":0,"40":0,"41":0,"42":0,"43":0,"44":0,"45":0,"46":0,"47":0,"48":0,"49":0,"50":0,"51":0,"52":0,"53":0,"54":0,"55":0,"56":0,"57":0,"58":0,"59":0,"60":0,"61":0,"62":0,"63":0,"64":0,"65":0,"66":0,"67":0,"68":0,"69":0,"70":0,"71":0,"72":0,"73":0,"74":0,"75":0,"76":0,"77":0,"78":0,"79":0,"80":0,"81":0,"82":0,"83":0,"84":0,"85":0,"86":0,"87":0,"88":0,"89":0,"90":0,"91":0,"92":0,"93":0,"94":0,"95":0},"b":{"1":[0,0],"2":[0,0],"3":[0,0],"4":[0,0],"5":[0,0],"6":[0,0],"7":[0,0],"8":[0,0],"9":[0,0],"10":[0,0],"11":[0,0],"12":[0,0],"13":[0,0],"14":[0,0],"15":[0,0],"16":[0,0],"17":[0,0],"18":[0,0],"19":[0,0],"20":[0,0],"21":[0,0],"22":[0,0],"23":[0,0,0],"24":[0,0],"25":[0,0],"26":[0,0],"27":[0,0],"28":[0,0],"29":[0,0],"30":[0,0],"31":[0,0],"32":[0,0],"33":[0,0],"34":[0,0],"35":[0,0],"36":[0,0],"37":[0,0],"38":[0,0],"39":[0,0],"40":[0,0],"41":[0,0],"42":[0,0],"43":[0,0],"44":[0,0],"45":[0,0]},"f":{"1":0,"2":0,"3":0,"4":0,"5":0,"6":0,"7":0,"8":0,"9":0,"10":0,"11":0,"12":0,"13":0,"14":0,"15":0},"fnMap":{"1":{"name":"(anonymous_1)","line":30,"loc":{"start":{"line":30,"column":17},"end":{"line":30,"column":37}}},"2":{"name":"(anonymous_2)","line":39,"loc":{"start":{"line":39,"column":19},"end":{"line":39,"column":30}}},"3":{"name":"(anonymous_3)","line":48,"loc":{"start":{"line":48,"column":16},"end":{"line":48,"column":27}}},"4":{"name":"(anonymous_4)","line":56,"loc":{"start":{"line":56,"column":28},"end":{"line":56,"column":43}}},"5":{"name":"(anonymous_5)","line":86,"loc":{"start":{"line":86,"column":19},"end":{"line":86,"column":30}}},"6":{"name":"(anonymous_6)","line":94,"loc":{"start":{"line":94,"column":13},"end":{"line":94,"column":24}}},"7":{"name":"(anonymous_7)","line":100,"loc":{"start":{"line":100,"column":16},"end":{"line":100,"column":27}}},"8":{"name":"(anonymous_8)","line":108,"loc":{"start":{"line":108,"column":26},"end":{"line":108,"column":41}}},"9":{"name":"(anonymous_9)","line":135,"loc":{"start":{"line":135,"column":28},"end":{"line":135,"column":44}}},"10":{"name":"_getColorizedPrefix","line":160,"loc":{"start":{"line":160,"column":29},"end":{"line":160,"column":60}}},"11":{"name":"(anonymous_11)","line":168,"loc":{"start":{"line":168,"column":40},"end":{"line":168,"column":60}}},"12":{"name":"(anonymous_12)","line":208,"loc":{"start":{"line":208,"column":19},"end":{"line":208,"column":29}}},"13":{"name":"(anonymous_13)","line":216,"loc":{"start":{"line":216,"column":13},"end":{"line":216,"column":24}}},"14":{"name":"(anonymous_14)","line":222,"loc":{"start":{"line":222,"column":16},"end":{"line":222,"column":27}}},"15":{"name":"(anonymous_15)","line":230,"loc":{"start":{"line":230,"column":31},"end":{"line":230,"column":46}}}},"statementMap":{"1":{"start":{"line":5,"column":0},"end":{"line":5,"column":35}},"2":{"start":{"line":6,"column":0},"end":{"line":6,"column":23}},"3":{"start":{"line":7,"column":0},"end":{"line":7,"column":29}},"4":{"start":{"line":8,"column":0},"end":{"line":8,"column":36}},"5":{"start":{"line":30,"column":0},"end":{"line":237,"column":2}},"6":{"start":{"line":34,"column":2},"end":{"line":34,"column":30}},"7":{"start":{"line":37,"column":2},"end":{"line":54,"column":5}},"8":{"start":{"line":40,"column":6},"end":{"line":43,"column":32}},"9":{"start":{"line":41,"column":8},"end":{"line":41,"column":51}},"10":{"start":{"line":43,"column":13},"end":{"line":43,"column":30}},"11":{"start":{"line":49,"column":6},"end":{"line":52,"column":32}},"12":{"start":{"line":50,"column":8},"end":{"line":50,"column":44}},"13":{"start":{"line":52,"column":13},"end":{"line":52,"column":30}},"14":{"start":{"line":56,"column":2},"end":{"line":58,"column":5}},"15":{"start":{"line":57,"column":4},"end":{"line":57,"column":65}},"16":{"start":{"line":57,"column":41},"end":{"line":57,"column":63}},"17":{"start":{"line":65,"column":2},"end":{"line":65,"column":12}},"18":{"start":{"line":66,"column":2},"end":{"line":78,"column":3}},"19":{"start":{"line":67,"column":4},"end":{"line":67,"column":15}},"20":{"start":{"line":69,"column":4},"end":{"line":69,"column":29}},"21":{"start":{"line":71,"column":4},"end":{"line":77,"column":5}},"22":{"start":{"line":72,"column":6},"end":{"line":76,"column":18}},"23":{"start":{"line":79,"column":2},"end":{"line":79,"column":22}},"24":{"start":{"line":84,"column":2},"end":{"line":106,"column":5}},"25":{"start":{"line":87,"column":6},"end":{"line":91,"column":58}},"26":{"start":{"line":87,"column":51},"end":{"line":87,"column":90}},"27":{"start":{"line":88,"column":11},"end":{"line":91,"column":58}},"28":{"start":{"line":89,"column":8},"end":{"line":89,"column":97}},"29":{"start":{"line":91,"column":13},"end":{"line":91,"column":56}},"30":{"start":{"line":95,"column":6},"end":{"line":97,"column":48}},"31":{"start":{"line":95,"column":45},"end":{"line":95,"column":74}},"32":{"start":{"line":96,"column":11},"end":{"line":97,"column":48}},"33":{"start":{"line":96,"column":47},"end":{"line":96,"column":108}},"34":{"start":{"line":97,"column":13},"end":{"line":97,"column":46}},"35":{"start":{"line":101,"column":6},"end":{"line":103,"column":51}},"36":{"start":{"line":101,"column":48},"end":{"line":101,"column":80}},"37":{"start":{"line":102,"column":11},"end":{"line":103,"column":51}},"38":{"start":{"line":102,"column":50},"end":{"line":102,"column":117}},"39":{"start":{"line":103,"column":13},"end":{"line":103,"column":49}},"40":{"start":{"line":108,"column":2},"end":{"line":110,"column":5}},"41":{"start":{"line":109,"column":4},"end":{"line":109,"column":61}},"42":{"start":{"line":109,"column":39},"end":{"line":109,"column":59}},"43":{"start":{"line":118,"column":2},"end":{"line":200,"column":3}},"44":{"start":{"line":120,"column":4},"end":{"line":120,"column":26}},"45":{"start":{"line":123,"column":4},"end":{"line":123,"column":75}},"46":{"start":{"line":127,"column":4},"end":{"line":127,"column":36}},"47":{"start":{"line":128,"column":4},"end":{"line":133,"column":5}},"48":{"start":{"line":129,"column":6},"end":{"line":129,"column":85}},"49":{"start":{"line":130,"column":6},"end":{"line":132,"column":7}},"50":{"start":{"line":131,"column":8},"end":{"line":131,"column":133}},"51":{"start":{"line":135,"column":4},"end":{"line":199,"column":7}},"52":{"start":{"line":137,"column":6},"end":{"line":137,"column":35}},"53":{"start":{"line":141,"column":6},"end":{"line":141,"column":72}},"54":{"start":{"line":145,"column":6},"end":{"line":147,"column":7}},"55":{"start":{"line":146,"column":8},"end":{"line":146,"column":30}},"56":{"start":{"line":151,"column":6},"end":{"line":151,"column":61}},"57":{"start":{"line":156,"column":6},"end":{"line":156,"column":75}},"58":{"start":{"line":157,"column":6},"end":{"line":157,"column":43}},"59":{"start":{"line":160,"column":6},"end":{"line":193,"column":11}},"60":{"start":{"line":164,"column":8},"end":{"line":177,"column":9}},"61":{"start":{"line":166,"column":10},"end":{"line":166,"column":77}},"62":{"start":{"line":167,"column":10},"end":{"line":167,"column":52}},"63":{"start":{"line":168,"column":10},"end":{"line":175,"column":13}},"64":{"start":{"line":169,"column":12},"end":{"line":174,"column":13}},"65":{"start":{"line":169,"column":34},"end":{"line":169,"column":48}},"66":{"start":{"line":171,"column":14},"end":{"line":171,"column":88}},"67":{"start":{"line":172,"column":14},"end":{"line":172,"column":120}},"68":{"start":{"line":172,"column":39},"end":{"line":172,"column":118}},"69":{"start":{"line":173,"column":14},"end":{"line":173,"column":46}},"70":{"start":{"line":176,"column":10},"end":{"line":176,"column":37}},"71":{"start":{"line":183,"column":8},"end":{"line":183,"column":48}},"72":{"start":{"line":184,"column":8},"end":{"line":186,"column":9}},"73":{"start":{"line":185,"column":10},"end":{"line":185,"column":52}},"74":{"start":{"line":191,"column":8},"end":{"line":191,"column":32}},"75":{"start":{"line":197,"column":6},"end":{"line":197,"column":48}},"76":{"start":{"line":206,"column":2},"end":{"line":228,"column":5}},"77":{"start":{"line":209,"column":6},"end":{"line":213,"column":56}},"78":{"start":{"line":209,"column":49},"end":{"line":209,"column":98}},"79":{"start":{"line":210,"column":11},"end":{"line":213,"column":56}},"80":{"start":{"line":211,"column":8},"end":{"line":211,"column":101}},"81":{"start":{"line":213,"column":13},"end":{"line":213,"column":54}},"82":{"start":{"line":217,"column":6},"end":{"line":219,"column":46}},"83":{"start":{"line":217,"column":43},"end":{"line":217,"column":82}},"84":{"start":{"line":218,"column":11},"end":{"line":219,"column":46}},"85":{"start":{"line":218,"column":45},"end":{"line":218,"column":109}},"86":{"start":{"line":219,"column":13},"end":{"line":219,"column":44}},"87":{"start":{"line":223,"column":6},"end":{"line":225,"column":49}},"88":{"start":{"line":223,"column":46},"end":{"line":223,"column":88}},"89":{"start":{"line":224,"column":11},"end":{"line":225,"column":49}},"90":{"start":{"line":224,"column":48},"end":{"line":224,"column":118}},"91":{"start":{"line":225,"column":13},"end":{"line":225,"column":47}},"92":{"start":{"line":230,"column":2},"end":{"line":232,"column":5}},"93":{"start":{"line":231,"column":4},"end":{"line":231,"column":71}},"94":{"start":{"line":231,"column":44},"end":{"line":231,"column":69}},"95":{"start":{"line":236,"column":2},"end":{"line":236,"column":22}}},"branchMap":{"1":{"line":34,"type":"binary-expr","locations":[{"start":{"line":34,"column":14},"end":{"line":34,"column":23}},{"start":{"line":34,"column":27},"end":{"line":34,"column":29}}]},"2":{"line":40,"type":"if","locations":[{"start":{"line":40,"column":6},"end":{"line":40,"column":6}},{"start":{"line":40,"column":6},"end":{"line":40,"column":6}}]},"3":{"line":49,"type":"if","locations":[{"start":{"line":49,"column":6},"end":{"line":49,"column":6}},{"start":{"line":49,"column":6},"end":{"line":49,"column":6}}]},"4":{"line":57,"type":"if","locations":[{"start":{"line":57,"column":4},"end":{"line":57,"column":4}},{"start":{"line":57,"column":4},"end":{"line":57,"column":4}}]},"5":{"line":66,"type":"if","locations":[{"start":{"line":66,"column":2},"end":{"line":66,"column":2}},{"start":{"line":66,"column":2},"end":{"line":66,"column":2}}]},"6":{"line":71,"type":"if","locations":[{"start":{"line":71,"column":4},"end":{"line":71,"column":4}},{"start":{"line":71,"column":4},"end":{"line":71,"column":4}}]},"7":{"line":72,"type":"cond-expr","locations":[{"start":{"line":73,"column":24},"end":{"line":73,"column":33}},{"start":{"line":74,"column":8},"end":{"line":76,"column":17}}]},"8":{"line":72,"type":"binary-expr","locations":[{"start":{"line":72,"column":20},"end":{"line":72,"column":31}},{"start":{"line":73,"column":8},"end":{"line":73,"column":21}}]},"9":{"line":74,"type":"cond-expr","locations":[{"start":{"line":74,"column":23},"end":{"line":74,"column":31}},{"start":{"line":75,"column":8},"end":{"line":76,"column":17}}]},"10":{"line":75,"type":"cond-expr","locations":[{"start":{"line":75,"column":22},"end":{"line":75,"column":29}},{"start":{"line":76,"column":8},"end":{"line":76,"column":17}}]},"11":{"line":79,"type":"binary-expr","locations":[{"start":{"line":79,"column":10},"end":{"line":79,"column":15}},{"start":{"line":79,"column":19},"end":{"line":79,"column":21}}]},"12":{"line":87,"type":"if","locations":[{"start":{"line":87,"column":6},"end":{"line":87,"column":6}},{"start":{"line":87,"column":6},"end":{"line":87,"column":6}}]},"13":{"line":88,"type":"if","locations":[{"start":{"line":88,"column":11},"end":{"line":88,"column":11}},{"start":{"line":88,"column":11},"end":{"line":88,"column":11}}]},"14":{"line":89,"type":"binary-expr","locations":[{"start":{"line":89,"column":35},"end":{"line":89,"column":53}},{"start":{"line":89,"column":55},"end":{"line":89,"column":57}}]},"15":{"line":95,"type":"if","locations":[{"start":{"line":95,"column":6},"end":{"line":95,"column":6}},{"start":{"line":95,"column":6},"end":{"line":95,"column":6}}]},"16":{"line":96,"type":"if","locations":[{"start":{"line":96,"column":11},"end":{"line":96,"column":11}},{"start":{"line":96,"column":11},"end":{"line":96,"column":11}}]},"17":{"line":96,"type":"binary-expr","locations":[{"start":{"line":96,"column":71},"end":{"line":96,"column":83}},{"start":{"line":96,"column":85},"end":{"line":96,"column":87}}]},"18":{"line":101,"type":"if","locations":[{"start":{"line":101,"column":6},"end":{"line":101,"column":6}},{"start":{"line":101,"column":6},"end":{"line":101,"column":6}}]},"19":{"line":102,"type":"if","locations":[{"start":{"line":102,"column":11},"end":{"line":102,"column":11}},{"start":{"line":102,"column":11},"end":{"line":102,"column":11}}]},"20":{"line":102,"type":"binary-expr","locations":[{"start":{"line":102,"column":74},"end":{"line":102,"column":89}},{"start":{"line":102,"column":91},"end":{"line":102,"column":93}}]},"21":{"line":109,"type":"if","locations":[{"start":{"line":109,"column":4},"end":{"line":109,"column":4}},{"start":{"line":109,"column":4},"end":{"line":109,"column":4}}]},"22":{"line":118,"type":"if","locations":[{"start":{"line":118,"column":2},"end":{"line":118,"column":2}},{"start":{"line":118,"column":2},"end":{"line":118,"column":2}}]},"23":{"line":118,"type":"binary-expr","locations":[{"start":{"line":118,"column":6},"end":{"line":118,"column":36}},{"start":{"line":118,"column":40},"end":{"line":118,"column":54}},{"start":{"line":118,"column":58},"end":{"line":118,"column":95}}]},"24":{"line":123,"type":"binary-expr","locations":[{"start":{"line":123,"column":23},"end":{"line":123,"column":42}},{"start":{"line":123,"column":46},"end":{"line":123,"column":73}}]},"25":{"line":128,"type":"if","locations":[{"start":{"line":128,"column":4},"end":{"line":128,"column":4}},{"start":{"line":128,"column":4},"end":{"line":128,"column":4}}]},"26":{"line":129,"type":"binary-expr","locations":[{"start":{"line":129,"column":18},"end":{"line":129,"column":38}},{"start":{"line":129,"column":42},"end":{"line":129,"column":70}}]},"27":{"line":130,"type":"if","locations":[{"start":{"line":130,"column":6},"end":{"line":130,"column":6}},{"start":{"line":130,"column":6},"end":{"line":130,"column":6}}]},"28":{"line":141,"type":"binary-expr","locations":[{"start":{"line":141,"column":30},"end":{"line":141,"column":44}},{"start":{"line":141,"column":48},"end":{"line":141,"column":70}}]},"29":{"line":145,"type":"if","locations":[{"start":{"line":145,"column":6},"end":{"line":145,"column":6}},{"start":{"line":145,"column":6},"end":{"line":145,"column":6}}]},"30":{"line":145,"type":"binary-expr","locations":[{"start":{"line":145,"column":10},"end":{"line":145,"column":34}},{"start":{"line":145,"column":38},"end":{"line":145,"column":61}}]},"31":{"line":151,"type":"binary-expr","locations":[{"start":{"line":151,"column":25},"end":{"line":151,"column":41}},{"start":{"line":151,"column":45},"end":{"line":151,"column":60}}]},"32":{"line":156,"type":"cond-expr","locations":[{"start":{"line":156,"column":55},"end":{"line":156,"column":69}},{"start":{"line":156,"column":72},"end":{"line":156,"column":74}}]},"33":{"line":164,"type":"if","locations":[{"start":{"line":164,"column":8},"end":{"line":164,"column":8}},{"start":{"line":164,"column":8},"end":{"line":164,"column":8}}]},"34":{"line":169,"type":"if","locations":[{"start":{"line":169,"column":12},"end":{"line":169,"column":12}},{"start":{"line":169,"column":12},"end":{"line":169,"column":12}}]},"35":{"line":172,"type":"if","locations":[{"start":{"line":172,"column":14},"end":{"line":172,"column":14}},{"start":{"line":172,"column":14},"end":{"line":172,"column":14}}]},"36":{"line":184,"type":"if","locations":[{"start":{"line":184,"column":8},"end":{"line":184,"column":8}},{"start":{"line":184,"column":8},"end":{"line":184,"column":8}}]},"37":{"line":209,"type":"if","locations":[{"start":{"line":209,"column":6},"end":{"line":209,"column":6}},{"start":{"line":209,"column":6},"end":{"line":209,"column":6}}]},"38":{"line":210,"type":"if","locations":[{"start":{"line":210,"column":11},"end":{"line":210,"column":11}},{"start":{"line":210,"column":11},"end":{"line":210,"column":11}}]},"39":{"line":217,"type":"if","locations":[{"start":{"line":217,"column":6},"end":{"line":217,"column":6}},{"start":{"line":217,"column":6},"end":{"line":217,"column":6}}]},"40":{"line":218,"type":"if","locations":[{"start":{"line":218,"column":11},"end":{"line":218,"column":11}},{"start":{"line":218,"column":11},"end":{"line":218,"column":11}}]},"41":{"line":218,"type":"binary-expr","locations":[{"start":{"line":218,"column":65},"end":{"line":218,"column":87}},{"start":{"line":218,"column":89},"end":{"line":218,"column":91}}]},"42":{"line":223,"type":"if","locations":[{"start":{"line":223,"column":6},"end":{"line":223,"column":6}},{"start":{"line":223,"column":6},"end":{"line":223,"column":6}}]},"43":{"line":224,"type":"if","locations":[{"start":{"line":224,"column":11},"end":{"line":224,"column":11}},{"start":{"line":224,"column":11},"end":{"line":224,"column":11}}]},"44":{"line":224,"type":"binary-expr","locations":[{"start":{"line":224,"column":68},"end":{"line":224,"column":93}},{"start":{"line":224,"column":95},"end":{"line":224,"column":97}}]},"45":{"line":231,"type":"if","locations":[{"start":{"line":231,"column":4},"end":{"line":231,"column":4}},{"start":{"line":231,"column":4},"end":{"line":231,"column":4}}]}},"code":["/**"," * Module dependencies."," */","","var _ = require('@sailshq/lodash');","var rc = require('rc');","var chalk = require('chalk');","var DEFAULT = require('./defaults');","","","/**"," * By default, look for configuration in:"," *   + `.captainslogrc` files"," *   + `CAPTAINSLOG-*` env variables"," *"," * More on `rc` conventions:"," * https://github.com/dominictarr/rc#standards"," *"," * Special overrides:"," *    + overrides.ignoreCLIArgs"," *      -> ignore --verbose, --silent, and --silly"," *    + overrides.rc"," *      -> custom rc prefix to use"," *         (or `false` to disable rc conf completely)"," *      -> defaults to 'captainslog'"," *"," * @api private"," */","","module.exports = function(overrides) {","  // console.log('overrides:',overrides);","  // console.log('DEFAULT.OVERRIDES:',DEFAULT.OVERRIDES);","","  overrides = overrides || {};","","  // Overrides passed in programmatically always take precedence.","  overrides = _.extend({}, DEFAULT.OVERRIDES, overrides, {","","    prefixThemes: (function (){","      if (_.isObject(overrides.prefixThemes)) {","        return _.cloneDeep(overrides.prefixThemes);","      }","      else { return undefined; }","    })(),","","    colors: _.extend({}, DEFAULT.OVERRIDES.colors, overrides.colors),","","    logLevels: (function (){","      if (_.isObject(overrides.logLevels)) {","        return _.clone(overrides.logLevels);","      }","      else { return undefined; }","    })()","  });","  // Strip top-level undefined properties.","  _.each(_.keys(overrides), function (key) {","    if (_.isUndefined(overrides[key])) { delete overrides[key]; }","  });","","  // console.log('overrides (after merge):',overrides);","","","  // Then `rc` configuration conventions.","  // (https://github.com/dominictarr/rc#standards)","  var rconf;","  if (overrides.rc === false) {","    rconf = {};","  } else {","    rconf = rc(overrides.rc);","","    if (!overrides.ignoreCLIArgs) {","      rconf.level = rconf.level || // Accept command-line shortcuts:","        rconf.verbose ? 'verbose' : // --verbose","        rconf.silent ? 'silent' : // --silent","        rconf.silly ? 'silly' : // --silly","        undefined;","    }","  }","  rconf = rconf || {};","","  // console.log('\\n* * * rconf:',rconf);","  // console.log('\\n* * * overrides:',overrides);","  // Combine overrides and rc config into `options`","  var options = _.extend(_.clone(rconf), overrides, {","","    prefixThemes: (function (){","      if (_.isUndefined(overrides.prefixThemes)) { return _.cloneDeep(rconf.prefixThemes); }","      else if (_.isObject(overrides.prefixThemes)) {","        return _.merge(_.cloneDeep(rconf.prefixThemes||{}), _.cloneDeep(overrides.prefixThemes));","      }","      else { return _.cloneDeep(overrides.prefixThemes); }","    })(),","","    colors: (function (){","      if (_.isUndefined(overrides.colors)) { return _.clone(rconf.colors); }","      else if (_.isObject(overrides.colors)) { return _.extend(_.clone(rconf.colors||{}), overrides.colors); }","      else { return _.clone(overrides.colors); }","    })(),","","    logLevels: (function (){","      if (_.isUndefined(overrides.logLevels)) { return _.clone(rconf.logLevels); }","      else if (_.isObject(overrides.logLevels)) { return _.extend(_.clone(rconf.logLevels||{}), overrides.logLevels); }","      else { return _.clone(overrides.logLevels); }","    })()","","  });","  // Strip top-level undefined properties.","  _.each(_.keys(options), function (key) {","    if (_.isUndefined(options[key])) { delete options[key]; }","  });","  // console.log('\\n* * * options (after merge):',options);","","","  // If `prefixes` were not explicitly set in user config,","  // and `colors` were not disabled in user config,","  // and NODE_ENV is not set to 'production,","  // load the `colors` dependency and colorize prefixes.","  if (options.prefixes === undefined && options.colors && process.env.NODE_ENV !== 'production') {","","    options.prefixes = {};","","    // Use prefixTheme if specified","    var prefixTheme = (options.prefixTheme || DEFAULT.OPTIONS.prefixTheme);","    // console.log('PREFIX THEME:',prefixTheme);","    // console.log('DEFAULT.OPTIONS.prefixThemes:',DEFAULT.OPTIONS.prefixThemes);","    // console.log('options.prefixThemes:',options.prefixThemes);","    var prefixes = options.prefixes;","    if (prefixTheme) {","      prefixes = (options.prefixThemes || DEFAULT.OPTIONS.prefixThemes)[prefixTheme];","      if (!prefixes) {","        throw new Error('Consistency violation: prefixTheme option (`'+prefixTheme+'`) does not match any of the available themes.');","      }","    }","    // console.log('---------------\\nprefixes:',prefixes);","    DEFAULT.METHODS.forEach(function(logAt) {","","      var prefix = prefixes[logAt];","","      // If a `prefix` was specified, use it instead","      // (keep in mind this is only if the user didn't define `prefixes`)","      var configuredPrefix = (options.prefix || DEFAULT.OPTIONS.prefix);","","      // If `prefix` is explicitly set to `false` or `null`,","      // disable prefixes altogether.","      if (options.prefix === false || options.prefix === null) {","        configuredPrefix = '';","      }","","      // Default prefix for each log level to whatever's in the `prefixes`","      // conf, as long as no explicit global prefix was defined.","      configuredPrefix = configuredPrefix || prefixes[logAt];","","      // Add some color to this prefix:","","      // Use the appropriate color for the log level.","      var colorMappings = _.isObject(options.colors) ? options.colors : {};","      var colorName = colorMappings[logAt];","","      // Get the ANSI-colorized prefix.","      var colorizedPrefix = (function _getColorizedPrefix() {","","        // If this is \"rainbow\", handle it as a special case.","        // (based on https://github.com/Marak/colors.js/blob/dfb15b55382772ba4fd34fc21922a2d83e9d34d3/lib/maps/rainbow.js)","        if (colorName === 'rainbow') {","          //RoY G BiV","          var RAINBOW_COLORS = ['red', 'yellow', 'green', 'blue', 'magenta'];","          var exploded = configuredPrefix.split('');","          var inRainbows = exploded.map(function (letter, i){","            if (letter === ' ') { return letter; }","            else {","              var chalkOfThisColor = chalk[RAINBOW_COLORS[i++ % RAINBOW_COLORS.length]];","              if (!chalkOfThisColor) { throw new Error('Consistency violation: Rainbow contains unrecognized color.'); }","              return chalkOfThisColor(letter);","            }","          });","          return inRainbows.join('');","        }//</if \"rainbow\">","","        // --•","        // Otherwise, this is some misc. color.","        // So attempt to get the appropriate chalk function.","        // If one exists, use it to transform the prefix.","        var chalkOfThisColor = chalk[colorName];","        if (chalkOfThisColor) {","          return chalkOfThisColor(configuredPrefix);","        }","","        // --•","        // But otherwise, if no such color can be found,","        // then just use the uncolored prefix.","        return configuredPrefix;","","      })();//</self-calling function :: _getColorizedPrefix()>","","      // Set the now-potentially-customized prefix string","      // for this particular log level.","      options.prefixes[logAt] = colorizedPrefix;","","    });","  }//</if colored prefixes are enabled>","","  // Then mix in the rest of the implicit default.","  // (DEFAULT.OPTIONS above)","  // console.log('options:',options);","  // console.log('DEFAULT.OPTIONS:',DEFAULT.OPTIONS);","  var finalOptions = _.extend({}, DEFAULT.OPTIONS, options, {","","    prefixThemes: (function(){","      if (_.isUndefined(options.prefixThemes)) { return _.cloneDeep(DEFAULT.OPTIONS.prefixThemes); }","      else if (_.isObject(options.prefixThemes)) {","        return _.merge(_.cloneDeep(DEFAULT.OPTIONS.prefixThemes), _.cloneDeep(options.prefixThemes));","      }","      else { return _.cloneDeep(options.prefixThemes); }","    })(),","","    colors: (function (){","      if (_.isUndefined(options.colors)) { return _.clone(DEFAULT.OPTIONS.colors); }","      else if (_.isObject(options.colors)) { return _.extend({}, DEFAULT.OPTIONS.colors||{}, options.colors); }","      else { return _.clone(options.colors); }","    })(),","","    logLevels: (function (){","      if (_.isUndefined(options.logLevels)) { return _.clone(DEFAULT.OPTIONS.logLevels); }","      else if (_.isObject(options.logLevels)) { return _.extend({}, DEFAULT.OPTIONS.logLevels||{}, options.logLevels); }","      else { return _.clone(options.logLevels); }","    })()","","  });","  // Strip top-level undefined properties.","  _.each(_.keys(finalOptions), function (key) {","    if (_.isUndefined(finalOptions[key])) { delete finalOptions[key]; }","  });","  // console.log('final options (after merge):',finalOptions);","","","  return finalOptions;","};",""],"l":{"5":1,"6":1,"7":1,"8":1,"30":1,"34":0,"37":0,"40":0,"41":0,"43":0,"49":0,"50":0,"52":0,"56":0,"57":0,"65":0,"66":0,"67":0,"69":0,"71":0,"72":0,"79":0,"84":0,"87":0,"88":0,"89":0,"91":0,"95":0,"96":0,"97":0,"101":0,"102":0,"103":0,"108":0,"109":0,"118":0,"120":0,"123":0,"127":0,"128":0,"129":0,"130":0,"131":0,"135":0,"137":0,"141":0,"145":0,"146":0,"151":0,"156":0,"157":0,"160":0,"164":0,"166":0,"167":0,"168":0,"169":0,"171":0,"172":0,"173":0,"176":0,"183":0,"184":0,"185":0,"191":0,"197":0,"206":0,"209":0,"210":0,"211":0,"213":0,"217":0,"218":0,"219":0,"223":0,"224":0,"225":0,"230":0,"231":0,"236":0}},"/home/travis/build/npmtest/node-npmtest-captains-log/node_modules/captains-log/lib/captains.js":{"path":"/home/travis/build/npmtest/node-npmtest-captains-log/node_modules/captains-log/lib/captains.js","s":{"1":1,"2":0,"3":0,"4":0},"b":{},"f":{"1":0},"fnMap":{"1":{"name":"LowLevelLogger","line":7,"loc":{"start":{"line":7,"column":17},"end":{"line":7,"column":43}}}},"statementMap":{"1":{"start":{"line":7,"column":0},"end":{"line":25,"column":2}},"2":{"start":{"line":9,"column":2},"end":{"line":9,"column":42}},"3":{"start":{"line":10,"column":2},"end":{"line":10,"column":44}},"4":{"start":{"line":14,"column":2},"end":{"line":23,"column":4}}},"branchMap":{},"code":["/**"," * Return a default logger which writes to stdout and stderr."," *"," * @return {Function} [enhanced log fn]"," * @api private"," */","module.exports = function LowLevelLogger() {","","  var _stdout = console.log.bind(console);","  var _stderr = console.error.bind(console);","","  // Emulate winston's output stream conventions","  // (so that existing tests will pass)","  return {","    crit: _stderr,","    error: _stderr,","    warn: _stdout,","    debug: _stderr,","    info: _stdout,","    verbose: _stdout,","    silly: _stdout,","    blank: _stdout","  };","","};",""],"l":{"7":1,"9":0,"10":0,"14":0}}}